<?xml version="1.0" encoding="UTF-8"?>
<!-- Generated by org.testng.reporters.JUnitXMLReporter -->
<testsuite ignored="1" hostname="YV-Jerry.local" failures="25" tests="221" name="Testing Admin Portal" time="2161.942" errors="0" timestamp="2022-09-10T23:24:19 WAT">
  <testcase classname="admin.AdminLoginTest" name="EmptyEmailAddressField" time="0.162"/>
  <testcase classname="admin.AdminLoginTest" name="InvalidEmailAddressNotFound" time="7.306"/>
  <testcase classname="admin.AdminLoginTest" name="InvalidEmailAddressNotFound" time="4.275"/>
  <testcase classname="admin.AdminLoginTest" name="InvalidEmailAddressFormat" time="0.217"/>
  <testcase classname="admin.AdminLoginTest" name="InvalidEmailAddressFormat" time="0.097"/>
  <testcase classname="admin.AdminLoginTest" name="ValidEmailAddress" time="4.71"/>
  <testcase classname="admin.AdminLoginTest" name="ValidateBackButton" time="0.688"/>
  <testcase classname="admin.AdminLoginTest" name="ValidateSuccessfulAdminLogin" time="6.046"/>
  <testcase classname="admin.AdminLoginTest" name="ValidateLogout" time="1.439"/>
  <testcase classname="admin.ForgotPasswordTest" name="ValidateForgotPasswordLink" time="7.102"/>
  <testcase classname="admin.ForgotPasswordTest" name="InvalidEmailAddressFormat" time="0.531"/>
  <testcase classname="admin.ForgotPasswordTest" name="InvalidEmailAddressFormat" time="0.41"/>
  <testcase classname="admin.ForgotPasswordTest" name="InvalidEmailAddressNotFound" time="3.296"/>
  <testcase classname="admin.ForgotPasswordTest" name="InvalidEmailAddressNotFound" time="1.388"/>
  <testcase classname="admin.ForgotPasswordTest" name="ValidateSuccessfulResetPassword" time="1.976"/>
  <testcase classname="admin.ForgotPasswordTest" name="ValidateSuccessfulResetPassword" time="0.464"/>
  <testcase classname="admin.ForgotPasswordTest" name="ValidateBackToLoginLink" time="0.12"/>
  <testcase classname="admin.CouponTest" name="ValidateCouponPage" time="17.074"/>
  <testcase classname="admin.CouponTest" name="ValidateAutosuggestiveSearchBar" time="0.592"/>
  <testcase classname="admin.CouponTest" name="ValidateCategoryDropdownList" time="0.325"/>
  <testcase classname="admin.CouponTest" name="ValidateSingleCategoryQuantityField" time="1.089"/>
  <testcase classname="admin.CouponTest" name="ValidateSingleAgentField" time="0.07"/>
  <testcase classname="admin.CouponTest" name="ValidateMultipleCategoryQuanityField" time="0.143"/>
  <testcase classname="admin.CouponTest" name="EmptyDateField" time="1.215"/>
  <testcase classname="admin.CouponTest" name="ValidateEndDateCheck" time="2.038"/>
  <testcase classname="admin.CouponTest" name="ValidateMultipleCategoryQuanityFieldFormat" time="4.392"/>
  <testcase classname="admin.CouponTest" name="ValidateMultipleCategoryQuanityFieldFormat" time="2.755"/>
  <testcase classname="admin.CouponTest" name="ValidateDiscountTypeDropdownList" time="0.072"/>
  <testcase classname="admin.CouponTest" name="EmptyCouponCodeField" time="2.517"/>
  <testcase classname="admin.CouponTest" name="EmptyDiscountValueField" time="1.562"/>
  <testcase classname="admin.CouponTest" name="ValidateDiscountPercentageValueFormat" time="2.63"/>
  <testcase classname="admin.CouponTest" name="ValidateDiscountAmountValueFormat" time="2.188"/>
  <testcase classname="admin.CouponTest" name="SuccessfulSingleCouponRequestOnline" time="21.703">
    <failure type="java.lang.AssertionError" message="expected [Success
Coupon payment successful] but found []">
      <![CDATA[java.lang.AssertionError: expected [Success
Coupon payment successful] but found []
at admin.CouponTest.SuccessfulSingleCouponRequestOnline(CouponTest.java:304)
at java.base/java.util.ArrayList.forEach(ArrayList.java:1511)
... Removed 33 stack frames]]>
    </failure>
  </testcase> <!-- SuccessfulSingleCouponRequestOnline -->
  <testcase classname="admin.CouponTest" name="SuccessfulMultipleCouponRequestOnline" time="14.199"/>
  <testcase classname="admin.CouponTest" name="ValidateGeneratedCouponList" time="38.906"/>
  <testcase classname="admin.CouponTest" name="ValidateGenerateCouponCategoryDropdownList" time="0.116"/>
  <testcase classname="admin.CouponTest" name="ValidateSingleCouponFilter" time="17.874"/>
  <testcase classname="admin.CouponTest" name="ValidateClearSingleList" time="40.36"/>
  <testcase classname="admin.CouponTest" name="ValidateMultipleCouponFilter" time="25.002"/>
  <testcase classname="admin.CouponTest" name="ValidateClearMultipleList" time="39.461"/>
  <testcase classname="admin.CouponTest" name="ValidateGeneratedListHeader" time="0.121"/>
  <testcase classname="admin.CouponTest" name="ValidateGeneratedCouponCardResponse" time="5.53"/>
  <testcase classname="admin.CouponTest" name="ValidateDownloadCSVButton" time="6.412"/>
  <testcase classname="admin.PermitTest" name="ValidatePermitPage" time="13.358"/>
  <testcase classname="admin.PermitTest" name="ValidatePermitListHeader" time="0.169"/>
  <testcase classname="admin.PermitTest" name="ValidatePermitArrangement" time="0.406"/>
  <testcase classname="admin.PermitTest" name="ValidateStatusDropodownList" time="0.082"/>
  <testcase classname="admin.PermitTest" name="ValidateAllStatusFilter" time="10.861"/>
  <testcase classname="admin.PermitTest" name="ValidateActiveStatusFilter" time="16.828"/>
  <testcase classname="admin.PermitTest" name="ValidateDisabledStatusFilter" time="28.087"/>
  <testcase classname="admin.PermitTest" name="ValidateSearchBar" time="35.24"/>
  <testcase classname="admin.PermitTest" name="ValidateSearchBar" time="35.141"/>
  <testcase classname="admin.PermitTest" name="ValidateSetPermitButton" time="10.308"/>
  <testcase classname="admin.PermitTest" name="ValidateActiveStatusButton" time="7.361"/>
  <testcase classname="admin.PermitTest" name="ValidateDisabledStatusButton" time="6.786"/>
  <testcase classname="admin.PermitTest" name="ValidateStatusButtonResponse" time="19.992"/>
  <testcase classname="admin.PermitTest" name="ValidateDuplicatePermitResponse" time="1.232"/>
  <testcase classname="admin.CompaniesTest" name="ValidateCompaniesPage" time="18.149"/>
  <testcase classname="admin.CompaniesTest" name="ValidateCompaniesListHeader" time="1.123"/>
  <testcase classname="admin.CompaniesTest" name="ValidateInviteCompanyButton" time="1.836"/>
  <testcase classname="admin.CompaniesTest" name="EmptyBusinessCategoryField" time="1.494">
    <failure type="org.openqa.selenium.ElementClickInterceptedException" message="element click intercepted: Element &amp;lt;button class=&amp;quot;btn btn-warning mr-2&amp;quot;&amp;gt;...&amp;lt;/button&amp;gt; is not clickable at point (1309, 268). Other element would receive the click: &amp;lt;div id=&amp;quot;add-company-modal&amp;quot; tabindex=&amp;quot;-1&amp;quot; role=&amp;quot;dialog&amp;quot; aria-labelledby=&amp;quot;change-role-modal&amp;quot; class=&amp;quot;modal animated fade pulse_ modal-border show&amp;quot; style=&amp;quot;z-index: 1040; display: block;&amp;quot;&amp;gt;...&amp;lt;/div&amp;gt;
  (Session info: chrome=105.0.5195.102)
Build info: version: &amp;apos;4.1.2&amp;apos;, revision: &amp;apos;9a5a329c5a&amp;apos;
System info: host: &amp;apos;YV-Jerry.local&amp;apos;, ip: &amp;apos;fe80:0:0:0:1420:dc4e:48a2:adf3%en0&amp;apos;, os.name: &amp;apos;Mac OS X&amp;apos;, os.arch: &amp;apos;x86_64&amp;apos;, os.version: &amp;apos;11.0&amp;apos;, java.version: &amp;apos;16.0.2&amp;apos;
Driver info: org.openqa.selenium.chrome.ChromeDriver
Command: [eb9d87965aeeaa59859b2c9d0ab99bb1, clickElement {id=34a2e872-fcc9-4e34-a86d-503c39338672}]
Capabilities {acceptInsecureCerts: false, browserName: chrome, browserVersion: 105.0.5195.102, chrome: {chromedriverVersion: 104.0.5112.79 (3cf3e8c8a07d..., userDataDir: /var/folders/8c/dvnzzls14cz...}, goog:chromeOptions: {debuggerAddress: localhost:55049}, javascriptEnabled: true, networkConnectionEnabled: false, pageLoadStrategy: normal, platform: MAC, platformName: MAC, proxy: Proxy(), se:cdp: ws://localhost:55049/devtoo..., se:cdpVersion: 105.0.5195.102, setWindowRect: true, strictFileInteractability: false, timeouts: {implicit: 0, pageLoad: 300000, script: 30000}, unhandledPromptBehavior: dismiss and notify, webauthn:extension:credBlob: true, webauthn:extension:largeBlob: true, webauthn:virtualAuthenticators: true}
Element: [[ChromeDriver: chrome on MAC (eb9d87965aeeaa59859b2c9d0ab99bb1)] -&amp;gt; xpath: //button[text()=&amp;apos; Invite Company &amp;apos;]]
Session ID: eb9d87965aeeaa59859b2c9d0ab99bb1">
      <![CDATA[org.openqa.selenium.ElementClickInterceptedException: element click intercepted: Element <button class="btn btn-warning mr-2">...</button> is not clickable at point (1309, 268). Other element would receive the click: <div id="add-company-modal" tabindex="-1" role="dialog" aria-labelledby="change-role-modal" class="modal animated fade pulse_ modal-border show" style="z-index: 1040; display: block;">...</div>
  (Session info: chrome=105.0.5195.102)
Build info: version: '4.1.2', revision: '9a5a329c5a'
System info: host: 'YV-Jerry.local', ip: 'fe80:0:0:0:1420:dc4e:48a2:adf3%en0', os.name: 'Mac OS X', os.arch: 'x86_64', os.version: '11.0', java.version: '16.0.2'
Driver info: org.openqa.selenium.chrome.ChromeDriver
Command: [eb9d87965aeeaa59859b2c9d0ab99bb1, clickElement {id=34a2e872-fcc9-4e34-a86d-503c39338672}]
Capabilities {acceptInsecureCerts: false, browserName: chrome, browserVersion: 105.0.5195.102, chrome: {chromedriverVersion: 104.0.5112.79 (3cf3e8c8a07d..., userDataDir: /var/folders/8c/dvnzzls14cz...}, goog:chromeOptions: {debuggerAddress: localhost:55049}, javascriptEnabled: true, networkConnectionEnabled: false, pageLoadStrategy: normal, platform: MAC, platformName: MAC, proxy: Proxy(), se:cdp: ws://localhost:55049/devtoo..., se:cdpVersion: 105.0.5195.102, setWindowRect: true, strictFileInteractability: false, timeouts: {implicit: 0, pageLoad: 300000, script: 30000}, unhandledPromptBehavior: dismiss and notify, webauthn:extension:credBlob: true, webauthn:extension:largeBlob: true, webauthn:virtualAuthenticators: true}
Element: [[ChromeDriver: chrome on MAC (eb9d87965aeeaa59859b2c9d0ab99bb1)] -> xpath: //button[text()=' Invite Company ']]
Session ID: eb9d87965aeeaa59859b2c9d0ab99bb1
at org.openqa.selenium.remote.codec.w3c.W3CHttpResponseCodec.createException(W3CHttpResponseCodec.java:200)
at org.openqa.selenium.remote.codec.w3c.W3CHttpResponseCodec.decode(W3CHttpResponseCodec.java:133)
at org.openqa.selenium.remote.codec.w3c.W3CHttpResponseCodec.decode(W3CHttpResponseCodec.java:53)
at org.openqa.selenium.remote.HttpCommandExecutor.execute(HttpCommandExecutor.java:184)
at org.openqa.selenium.remote.service.DriverCommandExecutor.invokeExecute(DriverCommandExecutor.java:167)
at org.openqa.selenium.remote.service.DriverCommandExecutor.execute(DriverCommandExecutor.java:142)
at org.openqa.selenium.remote.RemoteWebDriver.execute(RemoteWebDriver.java:558)
at org.openqa.selenium.remote.RemoteWebElement.execute(RemoteWebElement.java:251)
at org.openqa.selenium.remote.RemoteWebElement.click(RemoteWebElement.java:77)
at admin.CompaniesTest.EmptyBusinessCategoryField(CompaniesTest.java:93)
at java.base/java.util.ArrayList.forEach(ArrayList.java:1511)
... Removed 32 stack frames]]>
    </failure>
  </testcase> <!-- EmptyBusinessCategoryField -->
  <testcase classname="admin.CompaniesTest" name="EmptyEmailField" time="1.441">
    <failure type="org.openqa.selenium.ElementClickInterceptedException" message="element click intercepted: Element &amp;lt;button class=&amp;quot;btn btn-warning mr-2&amp;quot;&amp;gt;...&amp;lt;/button&amp;gt; is not clickable at point (1309, 268). Other element would receive the click: &amp;lt;div id=&amp;quot;add-company-modal&amp;quot; tabindex=&amp;quot;-1&amp;quot; role=&amp;quot;dialog&amp;quot; aria-labelledby=&amp;quot;change-role-modal&amp;quot; class=&amp;quot;modal animated fade pulse_ modal-border show&amp;quot; style=&amp;quot;z-index: 1040; display: block;&amp;quot;&amp;gt;...&amp;lt;/div&amp;gt;
  (Session info: chrome=105.0.5195.102)
Build info: version: &amp;apos;4.1.2&amp;apos;, revision: &amp;apos;9a5a329c5a&amp;apos;
System info: host: &amp;apos;YV-Jerry.local&amp;apos;, ip: &amp;apos;fe80:0:0:0:1420:dc4e:48a2:adf3%en0&amp;apos;, os.name: &amp;apos;Mac OS X&amp;apos;, os.arch: &amp;apos;x86_64&amp;apos;, os.version: &amp;apos;11.0&amp;apos;, java.version: &amp;apos;16.0.2&amp;apos;
Driver info: org.openqa.selenium.chrome.ChromeDriver
Command: [eb9d87965aeeaa59859b2c9d0ab99bb1, clickElement {id=34a2e872-fcc9-4e34-a86d-503c39338672}]
Capabilities {acceptInsecureCerts: false, browserName: chrome, browserVersion: 105.0.5195.102, chrome: {chromedriverVersion: 104.0.5112.79 (3cf3e8c8a07d..., userDataDir: /var/folders/8c/dvnzzls14cz...}, goog:chromeOptions: {debuggerAddress: localhost:55049}, javascriptEnabled: true, networkConnectionEnabled: false, pageLoadStrategy: normal, platform: MAC, platformName: MAC, proxy: Proxy(), se:cdp: ws://localhost:55049/devtoo..., se:cdpVersion: 105.0.5195.102, setWindowRect: true, strictFileInteractability: false, timeouts: {implicit: 0, pageLoad: 300000, script: 30000}, unhandledPromptBehavior: dismiss and notify, webauthn:extension:credBlob: true, webauthn:extension:largeBlob: true, webauthn:virtualAuthenticators: true}
Element: [[ChromeDriver: chrome on MAC (eb9d87965aeeaa59859b2c9d0ab99bb1)] -&amp;gt; xpath: //button[text()=&amp;apos; Invite Company &amp;apos;]]
Session ID: eb9d87965aeeaa59859b2c9d0ab99bb1">
      <![CDATA[org.openqa.selenium.ElementClickInterceptedException: element click intercepted: Element <button class="btn btn-warning mr-2">...</button> is not clickable at point (1309, 268). Other element would receive the click: <div id="add-company-modal" tabindex="-1" role="dialog" aria-labelledby="change-role-modal" class="modal animated fade pulse_ modal-border show" style="z-index: 1040; display: block;">...</div>
  (Session info: chrome=105.0.5195.102)
Build info: version: '4.1.2', revision: '9a5a329c5a'
System info: host: 'YV-Jerry.local', ip: 'fe80:0:0:0:1420:dc4e:48a2:adf3%en0', os.name: 'Mac OS X', os.arch: 'x86_64', os.version: '11.0', java.version: '16.0.2'
Driver info: org.openqa.selenium.chrome.ChromeDriver
Command: [eb9d87965aeeaa59859b2c9d0ab99bb1, clickElement {id=34a2e872-fcc9-4e34-a86d-503c39338672}]
Capabilities {acceptInsecureCerts: false, browserName: chrome, browserVersion: 105.0.5195.102, chrome: {chromedriverVersion: 104.0.5112.79 (3cf3e8c8a07d..., userDataDir: /var/folders/8c/dvnzzls14cz...}, goog:chromeOptions: {debuggerAddress: localhost:55049}, javascriptEnabled: true, networkConnectionEnabled: false, pageLoadStrategy: normal, platform: MAC, platformName: MAC, proxy: Proxy(), se:cdp: ws://localhost:55049/devtoo..., se:cdpVersion: 105.0.5195.102, setWindowRect: true, strictFileInteractability: false, timeouts: {implicit: 0, pageLoad: 300000, script: 30000}, unhandledPromptBehavior: dismiss and notify, webauthn:extension:credBlob: true, webauthn:extension:largeBlob: true, webauthn:virtualAuthenticators: true}
Element: [[ChromeDriver: chrome on MAC (eb9d87965aeeaa59859b2c9d0ab99bb1)] -> xpath: //button[text()=' Invite Company ']]
Session ID: eb9d87965aeeaa59859b2c9d0ab99bb1
at org.openqa.selenium.remote.codec.w3c.W3CHttpResponseCodec.createException(W3CHttpResponseCodec.java:200)
at org.openqa.selenium.remote.codec.w3c.W3CHttpResponseCodec.decode(W3CHttpResponseCodec.java:133)
at org.openqa.selenium.remote.codec.w3c.W3CHttpResponseCodec.decode(W3CHttpResponseCodec.java:53)
at org.openqa.selenium.remote.HttpCommandExecutor.execute(HttpCommandExecutor.java:184)
at org.openqa.selenium.remote.service.DriverCommandExecutor.invokeExecute(DriverCommandExecutor.java:167)
at org.openqa.selenium.remote.service.DriverCommandExecutor.execute(DriverCommandExecutor.java:142)
at org.openqa.selenium.remote.RemoteWebDriver.execute(RemoteWebDriver.java:558)
at org.openqa.selenium.remote.RemoteWebElement.execute(RemoteWebElement.java:251)
at org.openqa.selenium.remote.RemoteWebElement.click(RemoteWebElement.java:77)
at admin.CompaniesTest.EmptyEmailField(CompaniesTest.java:112)
at java.base/java.util.ArrayList.forEach(ArrayList.java:1511)
... Removed 32 stack frames]]>
    </failure>
  </testcase> <!-- EmptyEmailField -->
  <testcase classname="admin.CompaniesTest" name="InvalidEmailFormat" time="1.151">
    <failure type="org.openqa.selenium.ElementClickInterceptedException" message="element click intercepted: Element &amp;lt;button class=&amp;quot;btn btn-warning mr-2&amp;quot;&amp;gt;...&amp;lt;/button&amp;gt; is not clickable at point (1309, 268). Other element would receive the click: &amp;lt;div id=&amp;quot;add-company-modal&amp;quot; tabindex=&amp;quot;-1&amp;quot; role=&amp;quot;dialog&amp;quot; aria-labelledby=&amp;quot;change-role-modal&amp;quot; class=&amp;quot;modal animated fade pulse_ modal-border show&amp;quot; style=&amp;quot;z-index: 1040; display: block;&amp;quot;&amp;gt;...&amp;lt;/div&amp;gt;
  (Session info: chrome=105.0.5195.102)
Build info: version: &amp;apos;4.1.2&amp;apos;, revision: &amp;apos;9a5a329c5a&amp;apos;
System info: host: &amp;apos;YV-Jerry.local&amp;apos;, ip: &amp;apos;fe80:0:0:0:1420:dc4e:48a2:adf3%en0&amp;apos;, os.name: &amp;apos;Mac OS X&amp;apos;, os.arch: &amp;apos;x86_64&amp;apos;, os.version: &amp;apos;11.0&amp;apos;, java.version: &amp;apos;16.0.2&amp;apos;
Driver info: org.openqa.selenium.chrome.ChromeDriver
Command: [eb9d87965aeeaa59859b2c9d0ab99bb1, clickElement {id=34a2e872-fcc9-4e34-a86d-503c39338672}]
Capabilities {acceptInsecureCerts: false, browserName: chrome, browserVersion: 105.0.5195.102, chrome: {chromedriverVersion: 104.0.5112.79 (3cf3e8c8a07d..., userDataDir: /var/folders/8c/dvnzzls14cz...}, goog:chromeOptions: {debuggerAddress: localhost:55049}, javascriptEnabled: true, networkConnectionEnabled: false, pageLoadStrategy: normal, platform: MAC, platformName: MAC, proxy: Proxy(), se:cdp: ws://localhost:55049/devtoo..., se:cdpVersion: 105.0.5195.102, setWindowRect: true, strictFileInteractability: false, timeouts: {implicit: 0, pageLoad: 300000, script: 30000}, unhandledPromptBehavior: dismiss and notify, webauthn:extension:credBlob: true, webauthn:extension:largeBlob: true, webauthn:virtualAuthenticators: true}
Element: [[ChromeDriver: chrome on MAC (eb9d87965aeeaa59859b2c9d0ab99bb1)] -&amp;gt; xpath: //button[text()=&amp;apos; Invite Company &amp;apos;]]
Session ID: eb9d87965aeeaa59859b2c9d0ab99bb1">
      <![CDATA[org.openqa.selenium.ElementClickInterceptedException: element click intercepted: Element <button class="btn btn-warning mr-2">...</button> is not clickable at point (1309, 268). Other element would receive the click: <div id="add-company-modal" tabindex="-1" role="dialog" aria-labelledby="change-role-modal" class="modal animated fade pulse_ modal-border show" style="z-index: 1040; display: block;">...</div>
  (Session info: chrome=105.0.5195.102)
Build info: version: '4.1.2', revision: '9a5a329c5a'
System info: host: 'YV-Jerry.local', ip: 'fe80:0:0:0:1420:dc4e:48a2:adf3%en0', os.name: 'Mac OS X', os.arch: 'x86_64', os.version: '11.0', java.version: '16.0.2'
Driver info: org.openqa.selenium.chrome.ChromeDriver
Command: [eb9d87965aeeaa59859b2c9d0ab99bb1, clickElement {id=34a2e872-fcc9-4e34-a86d-503c39338672}]
Capabilities {acceptInsecureCerts: false, browserName: chrome, browserVersion: 105.0.5195.102, chrome: {chromedriverVersion: 104.0.5112.79 (3cf3e8c8a07d..., userDataDir: /var/folders/8c/dvnzzls14cz...}, goog:chromeOptions: {debuggerAddress: localhost:55049}, javascriptEnabled: true, networkConnectionEnabled: false, pageLoadStrategy: normal, platform: MAC, platformName: MAC, proxy: Proxy(), se:cdp: ws://localhost:55049/devtoo..., se:cdpVersion: 105.0.5195.102, setWindowRect: true, strictFileInteractability: false, timeouts: {implicit: 0, pageLoad: 300000, script: 30000}, unhandledPromptBehavior: dismiss and notify, webauthn:extension:credBlob: true, webauthn:extension:largeBlob: true, webauthn:virtualAuthenticators: true}
Element: [[ChromeDriver: chrome on MAC (eb9d87965aeeaa59859b2c9d0ab99bb1)] -> xpath: //button[text()=' Invite Company ']]
Session ID: eb9d87965aeeaa59859b2c9d0ab99bb1
at org.openqa.selenium.remote.codec.w3c.W3CHttpResponseCodec.createException(W3CHttpResponseCodec.java:200)
at org.openqa.selenium.remote.codec.w3c.W3CHttpResponseCodec.decode(W3CHttpResponseCodec.java:133)
at org.openqa.selenium.remote.codec.w3c.W3CHttpResponseCodec.decode(W3CHttpResponseCodec.java:53)
at org.openqa.selenium.remote.HttpCommandExecutor.execute(HttpCommandExecutor.java:184)
at org.openqa.selenium.remote.service.DriverCommandExecutor.invokeExecute(DriverCommandExecutor.java:167)
at org.openqa.selenium.remote.service.DriverCommandExecutor.execute(DriverCommandExecutor.java:142)
at org.openqa.selenium.remote.RemoteWebDriver.execute(RemoteWebDriver.java:558)
at org.openqa.selenium.remote.RemoteWebElement.execute(RemoteWebElement.java:251)
at org.openqa.selenium.remote.RemoteWebElement.click(RemoteWebElement.java:77)
at admin.CompaniesTest.InvalidEmailFormat(CompaniesTest.java:132)
at java.base/java.util.ArrayList.forEach(ArrayList.java:1511)
... Removed 32 stack frames]]>
    </failure>
  </testcase> <!-- InvalidEmailFormat -->
  <testcase classname="admin.CompaniesTest" name="InvalidEmailFormat" time="1.141">
    <failure type="org.openqa.selenium.ElementClickInterceptedException" message="element click intercepted: Element &amp;lt;button class=&amp;quot;btn btn-warning mr-2&amp;quot;&amp;gt;...&amp;lt;/button&amp;gt; is not clickable at point (1309, 268). Other element would receive the click: &amp;lt;div id=&amp;quot;add-company-modal&amp;quot; tabindex=&amp;quot;-1&amp;quot; role=&amp;quot;dialog&amp;quot; aria-labelledby=&amp;quot;change-role-modal&amp;quot; class=&amp;quot;modal animated fade pulse_ modal-border show&amp;quot; style=&amp;quot;z-index: 1040; display: block;&amp;quot;&amp;gt;...&amp;lt;/div&amp;gt;
  (Session info: chrome=105.0.5195.102)
Build info: version: &amp;apos;4.1.2&amp;apos;, revision: &amp;apos;9a5a329c5a&amp;apos;
System info: host: &amp;apos;YV-Jerry.local&amp;apos;, ip: &amp;apos;fe80:0:0:0:1420:dc4e:48a2:adf3%en0&amp;apos;, os.name: &amp;apos;Mac OS X&amp;apos;, os.arch: &amp;apos;x86_64&amp;apos;, os.version: &amp;apos;11.0&amp;apos;, java.version: &amp;apos;16.0.2&amp;apos;
Driver info: org.openqa.selenium.chrome.ChromeDriver
Command: [eb9d87965aeeaa59859b2c9d0ab99bb1, clickElement {id=34a2e872-fcc9-4e34-a86d-503c39338672}]
Capabilities {acceptInsecureCerts: false, browserName: chrome, browserVersion: 105.0.5195.102, chrome: {chromedriverVersion: 104.0.5112.79 (3cf3e8c8a07d..., userDataDir: /var/folders/8c/dvnzzls14cz...}, goog:chromeOptions: {debuggerAddress: localhost:55049}, javascriptEnabled: true, networkConnectionEnabled: false, pageLoadStrategy: normal, platform: MAC, platformName: MAC, proxy: Proxy(), se:cdp: ws://localhost:55049/devtoo..., se:cdpVersion: 105.0.5195.102, setWindowRect: true, strictFileInteractability: false, timeouts: {implicit: 0, pageLoad: 300000, script: 30000}, unhandledPromptBehavior: dismiss and notify, webauthn:extension:credBlob: true, webauthn:extension:largeBlob: true, webauthn:virtualAuthenticators: true}
Element: [[ChromeDriver: chrome on MAC (eb9d87965aeeaa59859b2c9d0ab99bb1)] -&amp;gt; xpath: //button[text()=&amp;apos; Invite Company &amp;apos;]]
Session ID: eb9d87965aeeaa59859b2c9d0ab99bb1">
      <![CDATA[org.openqa.selenium.ElementClickInterceptedException: element click intercepted: Element <button class="btn btn-warning mr-2">...</button> is not clickable at point (1309, 268). Other element would receive the click: <div id="add-company-modal" tabindex="-1" role="dialog" aria-labelledby="change-role-modal" class="modal animated fade pulse_ modal-border show" style="z-index: 1040; display: block;">...</div>
  (Session info: chrome=105.0.5195.102)
Build info: version: '4.1.2', revision: '9a5a329c5a'
System info: host: 'YV-Jerry.local', ip: 'fe80:0:0:0:1420:dc4e:48a2:adf3%en0', os.name: 'Mac OS X', os.arch: 'x86_64', os.version: '11.0', java.version: '16.0.2'
Driver info: org.openqa.selenium.chrome.ChromeDriver
Command: [eb9d87965aeeaa59859b2c9d0ab99bb1, clickElement {id=34a2e872-fcc9-4e34-a86d-503c39338672}]
Capabilities {acceptInsecureCerts: false, browserName: chrome, browserVersion: 105.0.5195.102, chrome: {chromedriverVersion: 104.0.5112.79 (3cf3e8c8a07d..., userDataDir: /var/folders/8c/dvnzzls14cz...}, goog:chromeOptions: {debuggerAddress: localhost:55049}, javascriptEnabled: true, networkConnectionEnabled: false, pageLoadStrategy: normal, platform: MAC, platformName: MAC, proxy: Proxy(), se:cdp: ws://localhost:55049/devtoo..., se:cdpVersion: 105.0.5195.102, setWindowRect: true, strictFileInteractability: false, timeouts: {implicit: 0, pageLoad: 300000, script: 30000}, unhandledPromptBehavior: dismiss and notify, webauthn:extension:credBlob: true, webauthn:extension:largeBlob: true, webauthn:virtualAuthenticators: true}
Element: [[ChromeDriver: chrome on MAC (eb9d87965aeeaa59859b2c9d0ab99bb1)] -> xpath: //button[text()=' Invite Company ']]
Session ID: eb9d87965aeeaa59859b2c9d0ab99bb1
at org.openqa.selenium.remote.codec.w3c.W3CHttpResponseCodec.createException(W3CHttpResponseCodec.java:200)
at org.openqa.selenium.remote.codec.w3c.W3CHttpResponseCodec.decode(W3CHttpResponseCodec.java:133)
at org.openqa.selenium.remote.codec.w3c.W3CHttpResponseCodec.decode(W3CHttpResponseCodec.java:53)
at org.openqa.selenium.remote.HttpCommandExecutor.execute(HttpCommandExecutor.java:184)
at org.openqa.selenium.remote.service.DriverCommandExecutor.invokeExecute(DriverCommandExecutor.java:167)
at org.openqa.selenium.remote.service.DriverCommandExecutor.execute(DriverCommandExecutor.java:142)
at org.openqa.selenium.remote.RemoteWebDriver.execute(RemoteWebDriver.java:558)
at org.openqa.selenium.remote.RemoteWebElement.execute(RemoteWebElement.java:251)
at org.openqa.selenium.remote.RemoteWebElement.click(RemoteWebElement.java:77)
at admin.CompaniesTest.InvalidEmailFormat(CompaniesTest.java:132)
at java.base/java.util.ArrayList.forEach(ArrayList.java:1511)
... Removed 32 stack frames]]>
    </failure>
  </testcase> <!-- InvalidEmailFormat -->
  <testcase classname="admin.CompaniesTest" name="EmptyBusinessNameField" time="1.155">
    <failure type="org.openqa.selenium.ElementClickInterceptedException" message="element click intercepted: Element &amp;lt;button class=&amp;quot;btn btn-warning mr-2&amp;quot;&amp;gt;...&amp;lt;/button&amp;gt; is not clickable at point (1309, 268). Other element would receive the click: &amp;lt;div id=&amp;quot;add-company-modal&amp;quot; tabindex=&amp;quot;-1&amp;quot; role=&amp;quot;dialog&amp;quot; aria-labelledby=&amp;quot;change-role-modal&amp;quot; class=&amp;quot;modal animated fade pulse_ modal-border show&amp;quot; style=&amp;quot;z-index: 1040; display: block;&amp;quot;&amp;gt;...&amp;lt;/div&amp;gt;
  (Session info: chrome=105.0.5195.102)
Build info: version: &amp;apos;4.1.2&amp;apos;, revision: &amp;apos;9a5a329c5a&amp;apos;
System info: host: &amp;apos;YV-Jerry.local&amp;apos;, ip: &amp;apos;fe80:0:0:0:1420:dc4e:48a2:adf3%en0&amp;apos;, os.name: &amp;apos;Mac OS X&amp;apos;, os.arch: &amp;apos;x86_64&amp;apos;, os.version: &amp;apos;11.0&amp;apos;, java.version: &amp;apos;16.0.2&amp;apos;
Driver info: org.openqa.selenium.chrome.ChromeDriver
Command: [eb9d87965aeeaa59859b2c9d0ab99bb1, clickElement {id=34a2e872-fcc9-4e34-a86d-503c39338672}]
Capabilities {acceptInsecureCerts: false, browserName: chrome, browserVersion: 105.0.5195.102, chrome: {chromedriverVersion: 104.0.5112.79 (3cf3e8c8a07d..., userDataDir: /var/folders/8c/dvnzzls14cz...}, goog:chromeOptions: {debuggerAddress: localhost:55049}, javascriptEnabled: true, networkConnectionEnabled: false, pageLoadStrategy: normal, platform: MAC, platformName: MAC, proxy: Proxy(), se:cdp: ws://localhost:55049/devtoo..., se:cdpVersion: 105.0.5195.102, setWindowRect: true, strictFileInteractability: false, timeouts: {implicit: 0, pageLoad: 300000, script: 30000}, unhandledPromptBehavior: dismiss and notify, webauthn:extension:credBlob: true, webauthn:extension:largeBlob: true, webauthn:virtualAuthenticators: true}
Element: [[ChromeDriver: chrome on MAC (eb9d87965aeeaa59859b2c9d0ab99bb1)] -&amp;gt; xpath: //button[text()=&amp;apos; Invite Company &amp;apos;]]
Session ID: eb9d87965aeeaa59859b2c9d0ab99bb1">
      <![CDATA[org.openqa.selenium.ElementClickInterceptedException: element click intercepted: Element <button class="btn btn-warning mr-2">...</button> is not clickable at point (1309, 268). Other element would receive the click: <div id="add-company-modal" tabindex="-1" role="dialog" aria-labelledby="change-role-modal" class="modal animated fade pulse_ modal-border show" style="z-index: 1040; display: block;">...</div>
  (Session info: chrome=105.0.5195.102)
Build info: version: '4.1.2', revision: '9a5a329c5a'
System info: host: 'YV-Jerry.local', ip: 'fe80:0:0:0:1420:dc4e:48a2:adf3%en0', os.name: 'Mac OS X', os.arch: 'x86_64', os.version: '11.0', java.version: '16.0.2'
Driver info: org.openqa.selenium.chrome.ChromeDriver
Command: [eb9d87965aeeaa59859b2c9d0ab99bb1, clickElement {id=34a2e872-fcc9-4e34-a86d-503c39338672}]
Capabilities {acceptInsecureCerts: false, browserName: chrome, browserVersion: 105.0.5195.102, chrome: {chromedriverVersion: 104.0.5112.79 (3cf3e8c8a07d..., userDataDir: /var/folders/8c/dvnzzls14cz...}, goog:chromeOptions: {debuggerAddress: localhost:55049}, javascriptEnabled: true, networkConnectionEnabled: false, pageLoadStrategy: normal, platform: MAC, platformName: MAC, proxy: Proxy(), se:cdp: ws://localhost:55049/devtoo..., se:cdpVersion: 105.0.5195.102, setWindowRect: true, strictFileInteractability: false, timeouts: {implicit: 0, pageLoad: 300000, script: 30000}, unhandledPromptBehavior: dismiss and notify, webauthn:extension:credBlob: true, webauthn:extension:largeBlob: true, webauthn:virtualAuthenticators: true}
Element: [[ChromeDriver: chrome on MAC (eb9d87965aeeaa59859b2c9d0ab99bb1)] -> xpath: //button[text()=' Invite Company ']]
Session ID: eb9d87965aeeaa59859b2c9d0ab99bb1
at org.openqa.selenium.remote.codec.w3c.W3CHttpResponseCodec.createException(W3CHttpResponseCodec.java:200)
at org.openqa.selenium.remote.codec.w3c.W3CHttpResponseCodec.decode(W3CHttpResponseCodec.java:133)
at org.openqa.selenium.remote.codec.w3c.W3CHttpResponseCodec.decode(W3CHttpResponseCodec.java:53)
at org.openqa.selenium.remote.HttpCommandExecutor.execute(HttpCommandExecutor.java:184)
at org.openqa.selenium.remote.service.DriverCommandExecutor.invokeExecute(DriverCommandExecutor.java:167)
at org.openqa.selenium.remote.service.DriverCommandExecutor.execute(DriverCommandExecutor.java:142)
at org.openqa.selenium.remote.RemoteWebDriver.execute(RemoteWebDriver.java:558)
at org.openqa.selenium.remote.RemoteWebElement.execute(RemoteWebElement.java:251)
at org.openqa.selenium.remote.RemoteWebElement.click(RemoteWebElement.java:77)
at admin.CompaniesTest.EmptyBusinessNameField(CompaniesTest.java:152)
at java.base/java.util.ArrayList.forEach(ArrayList.java:1511)
... Removed 32 stack frames]]>
    </failure>
  </testcase> <!-- EmptyBusinessNameField -->
  <testcase classname="admin.CompaniesTest" name="EmptyTradeNameField" time="1.143">
    <failure type="org.openqa.selenium.ElementClickInterceptedException" message="element click intercepted: Element &amp;lt;button class=&amp;quot;btn btn-warning mr-2&amp;quot;&amp;gt;...&amp;lt;/button&amp;gt; is not clickable at point (1309, 268). Other element would receive the click: &amp;lt;div id=&amp;quot;add-company-modal&amp;quot; tabindex=&amp;quot;-1&amp;quot; role=&amp;quot;dialog&amp;quot; aria-labelledby=&amp;quot;change-role-modal&amp;quot; class=&amp;quot;modal animated fade pulse_ modal-border show&amp;quot; style=&amp;quot;z-index: 1040; display: block;&amp;quot;&amp;gt;...&amp;lt;/div&amp;gt;
  (Session info: chrome=105.0.5195.102)
Build info: version: &amp;apos;4.1.2&amp;apos;, revision: &amp;apos;9a5a329c5a&amp;apos;
System info: host: &amp;apos;YV-Jerry.local&amp;apos;, ip: &amp;apos;fe80:0:0:0:1420:dc4e:48a2:adf3%en0&amp;apos;, os.name: &amp;apos;Mac OS X&amp;apos;, os.arch: &amp;apos;x86_64&amp;apos;, os.version: &amp;apos;11.0&amp;apos;, java.version: &amp;apos;16.0.2&amp;apos;
Driver info: org.openqa.selenium.chrome.ChromeDriver
Command: [eb9d87965aeeaa59859b2c9d0ab99bb1, clickElement {id=34a2e872-fcc9-4e34-a86d-503c39338672}]
Capabilities {acceptInsecureCerts: false, browserName: chrome, browserVersion: 105.0.5195.102, chrome: {chromedriverVersion: 104.0.5112.79 (3cf3e8c8a07d..., userDataDir: /var/folders/8c/dvnzzls14cz...}, goog:chromeOptions: {debuggerAddress: localhost:55049}, javascriptEnabled: true, networkConnectionEnabled: false, pageLoadStrategy: normal, platform: MAC, platformName: MAC, proxy: Proxy(), se:cdp: ws://localhost:55049/devtoo..., se:cdpVersion: 105.0.5195.102, setWindowRect: true, strictFileInteractability: false, timeouts: {implicit: 0, pageLoad: 300000, script: 30000}, unhandledPromptBehavior: dismiss and notify, webauthn:extension:credBlob: true, webauthn:extension:largeBlob: true, webauthn:virtualAuthenticators: true}
Element: [[ChromeDriver: chrome on MAC (eb9d87965aeeaa59859b2c9d0ab99bb1)] -&amp;gt; xpath: //button[text()=&amp;apos; Invite Company &amp;apos;]]
Session ID: eb9d87965aeeaa59859b2c9d0ab99bb1">
      <![CDATA[org.openqa.selenium.ElementClickInterceptedException: element click intercepted: Element <button class="btn btn-warning mr-2">...</button> is not clickable at point (1309, 268). Other element would receive the click: <div id="add-company-modal" tabindex="-1" role="dialog" aria-labelledby="change-role-modal" class="modal animated fade pulse_ modal-border show" style="z-index: 1040; display: block;">...</div>
  (Session info: chrome=105.0.5195.102)
Build info: version: '4.1.2', revision: '9a5a329c5a'
System info: host: 'YV-Jerry.local', ip: 'fe80:0:0:0:1420:dc4e:48a2:adf3%en0', os.name: 'Mac OS X', os.arch: 'x86_64', os.version: '11.0', java.version: '16.0.2'
Driver info: org.openqa.selenium.chrome.ChromeDriver
Command: [eb9d87965aeeaa59859b2c9d0ab99bb1, clickElement {id=34a2e872-fcc9-4e34-a86d-503c39338672}]
Capabilities {acceptInsecureCerts: false, browserName: chrome, browserVersion: 105.0.5195.102, chrome: {chromedriverVersion: 104.0.5112.79 (3cf3e8c8a07d..., userDataDir: /var/folders/8c/dvnzzls14cz...}, goog:chromeOptions: {debuggerAddress: localhost:55049}, javascriptEnabled: true, networkConnectionEnabled: false, pageLoadStrategy: normal, platform: MAC, platformName: MAC, proxy: Proxy(), se:cdp: ws://localhost:55049/devtoo..., se:cdpVersion: 105.0.5195.102, setWindowRect: true, strictFileInteractability: false, timeouts: {implicit: 0, pageLoad: 300000, script: 30000}, unhandledPromptBehavior: dismiss and notify, webauthn:extension:credBlob: true, webauthn:extension:largeBlob: true, webauthn:virtualAuthenticators: true}
Element: [[ChromeDriver: chrome on MAC (eb9d87965aeeaa59859b2c9d0ab99bb1)] -> xpath: //button[text()=' Invite Company ']]
Session ID: eb9d87965aeeaa59859b2c9d0ab99bb1
at org.openqa.selenium.remote.codec.w3c.W3CHttpResponseCodec.createException(W3CHttpResponseCodec.java:200)
at org.openqa.selenium.remote.codec.w3c.W3CHttpResponseCodec.decode(W3CHttpResponseCodec.java:133)
at org.openqa.selenium.remote.codec.w3c.W3CHttpResponseCodec.decode(W3CHttpResponseCodec.java:53)
at org.openqa.selenium.remote.HttpCommandExecutor.execute(HttpCommandExecutor.java:184)
at org.openqa.selenium.remote.service.DriverCommandExecutor.invokeExecute(DriverCommandExecutor.java:167)
at org.openqa.selenium.remote.service.DriverCommandExecutor.execute(DriverCommandExecutor.java:142)
at org.openqa.selenium.remote.RemoteWebDriver.execute(RemoteWebDriver.java:558)
at org.openqa.selenium.remote.RemoteWebElement.execute(RemoteWebElement.java:251)
at org.openqa.selenium.remote.RemoteWebElement.click(RemoteWebElement.java:77)
at admin.CompaniesTest.EmptyTradeNameField(CompaniesTest.java:172)
at java.base/java.util.ArrayList.forEach(ArrayList.java:1511)
... Removed 32 stack frames]]>
    </failure>
  </testcase> <!-- EmptyTradeNameField -->
  <testcase classname="admin.CompaniesTest" name="EmptyAdminFirstNameField" time="1.196">
    <failure type="org.openqa.selenium.ElementClickInterceptedException" message="element click intercepted: Element &amp;lt;button class=&amp;quot;btn btn-warning mr-2&amp;quot;&amp;gt;...&amp;lt;/button&amp;gt; is not clickable at point (1309, 268). Other element would receive the click: &amp;lt;div id=&amp;quot;add-company-modal&amp;quot; tabindex=&amp;quot;-1&amp;quot; role=&amp;quot;dialog&amp;quot; aria-labelledby=&amp;quot;change-role-modal&amp;quot; class=&amp;quot;modal animated fade pulse_ modal-border show&amp;quot; style=&amp;quot;z-index: 1040; display: block;&amp;quot;&amp;gt;...&amp;lt;/div&amp;gt;
  (Session info: chrome=105.0.5195.102)
Build info: version: &amp;apos;4.1.2&amp;apos;, revision: &amp;apos;9a5a329c5a&amp;apos;
System info: host: &amp;apos;YV-Jerry.local&amp;apos;, ip: &amp;apos;fe80:0:0:0:1420:dc4e:48a2:adf3%en0&amp;apos;, os.name: &amp;apos;Mac OS X&amp;apos;, os.arch: &amp;apos;x86_64&amp;apos;, os.version: &amp;apos;11.0&amp;apos;, java.version: &amp;apos;16.0.2&amp;apos;
Driver info: org.openqa.selenium.chrome.ChromeDriver
Command: [eb9d87965aeeaa59859b2c9d0ab99bb1, clickElement {id=34a2e872-fcc9-4e34-a86d-503c39338672}]
Capabilities {acceptInsecureCerts: false, browserName: chrome, browserVersion: 105.0.5195.102, chrome: {chromedriverVersion: 104.0.5112.79 (3cf3e8c8a07d..., userDataDir: /var/folders/8c/dvnzzls14cz...}, goog:chromeOptions: {debuggerAddress: localhost:55049}, javascriptEnabled: true, networkConnectionEnabled: false, pageLoadStrategy: normal, platform: MAC, platformName: MAC, proxy: Proxy(), se:cdp: ws://localhost:55049/devtoo..., se:cdpVersion: 105.0.5195.102, setWindowRect: true, strictFileInteractability: false, timeouts: {implicit: 0, pageLoad: 300000, script: 30000}, unhandledPromptBehavior: dismiss and notify, webauthn:extension:credBlob: true, webauthn:extension:largeBlob: true, webauthn:virtualAuthenticators: true}
Element: [[ChromeDriver: chrome on MAC (eb9d87965aeeaa59859b2c9d0ab99bb1)] -&amp;gt; xpath: //button[text()=&amp;apos; Invite Company &amp;apos;]]
Session ID: eb9d87965aeeaa59859b2c9d0ab99bb1">
      <![CDATA[org.openqa.selenium.ElementClickInterceptedException: element click intercepted: Element <button class="btn btn-warning mr-2">...</button> is not clickable at point (1309, 268). Other element would receive the click: <div id="add-company-modal" tabindex="-1" role="dialog" aria-labelledby="change-role-modal" class="modal animated fade pulse_ modal-border show" style="z-index: 1040; display: block;">...</div>
  (Session info: chrome=105.0.5195.102)
Build info: version: '4.1.2', revision: '9a5a329c5a'
System info: host: 'YV-Jerry.local', ip: 'fe80:0:0:0:1420:dc4e:48a2:adf3%en0', os.name: 'Mac OS X', os.arch: 'x86_64', os.version: '11.0', java.version: '16.0.2'
Driver info: org.openqa.selenium.chrome.ChromeDriver
Command: [eb9d87965aeeaa59859b2c9d0ab99bb1, clickElement {id=34a2e872-fcc9-4e34-a86d-503c39338672}]
Capabilities {acceptInsecureCerts: false, browserName: chrome, browserVersion: 105.0.5195.102, chrome: {chromedriverVersion: 104.0.5112.79 (3cf3e8c8a07d..., userDataDir: /var/folders/8c/dvnzzls14cz...}, goog:chromeOptions: {debuggerAddress: localhost:55049}, javascriptEnabled: true, networkConnectionEnabled: false, pageLoadStrategy: normal, platform: MAC, platformName: MAC, proxy: Proxy(), se:cdp: ws://localhost:55049/devtoo..., se:cdpVersion: 105.0.5195.102, setWindowRect: true, strictFileInteractability: false, timeouts: {implicit: 0, pageLoad: 300000, script: 30000}, unhandledPromptBehavior: dismiss and notify, webauthn:extension:credBlob: true, webauthn:extension:largeBlob: true, webauthn:virtualAuthenticators: true}
Element: [[ChromeDriver: chrome on MAC (eb9d87965aeeaa59859b2c9d0ab99bb1)] -> xpath: //button[text()=' Invite Company ']]
Session ID: eb9d87965aeeaa59859b2c9d0ab99bb1
at org.openqa.selenium.remote.codec.w3c.W3CHttpResponseCodec.createException(W3CHttpResponseCodec.java:200)
at org.openqa.selenium.remote.codec.w3c.W3CHttpResponseCodec.decode(W3CHttpResponseCodec.java:133)
at org.openqa.selenium.remote.codec.w3c.W3CHttpResponseCodec.decode(W3CHttpResponseCodec.java:53)
at org.openqa.selenium.remote.HttpCommandExecutor.execute(HttpCommandExecutor.java:184)
at org.openqa.selenium.remote.service.DriverCommandExecutor.invokeExecute(DriverCommandExecutor.java:167)
at org.openqa.selenium.remote.service.DriverCommandExecutor.execute(DriverCommandExecutor.java:142)
at org.openqa.selenium.remote.RemoteWebDriver.execute(RemoteWebDriver.java:558)
at org.openqa.selenium.remote.RemoteWebElement.execute(RemoteWebElement.java:251)
at org.openqa.selenium.remote.RemoteWebElement.click(RemoteWebElement.java:77)
at admin.CompaniesTest.EmptyAdminFirstNameField(CompaniesTest.java:192)
at java.base/java.util.ArrayList.forEach(ArrayList.java:1511)
... Removed 32 stack frames]]>
    </failure>
  </testcase> <!-- EmptyAdminFirstNameField -->
  <testcase classname="admin.CompaniesTest" name="EmptyAdminLastNameField" time="1.137">
    <failure type="org.openqa.selenium.ElementClickInterceptedException" message="element click intercepted: Element &amp;lt;button class=&amp;quot;btn btn-warning mr-2&amp;quot;&amp;gt;...&amp;lt;/button&amp;gt; is not clickable at point (1309, 268). Other element would receive the click: &amp;lt;div id=&amp;quot;add-company-modal&amp;quot; tabindex=&amp;quot;-1&amp;quot; role=&amp;quot;dialog&amp;quot; aria-labelledby=&amp;quot;change-role-modal&amp;quot; class=&amp;quot;modal animated fade pulse_ modal-border show&amp;quot; style=&amp;quot;z-index: 1040; display: block;&amp;quot;&amp;gt;...&amp;lt;/div&amp;gt;
  (Session info: chrome=105.0.5195.102)
Build info: version: &amp;apos;4.1.2&amp;apos;, revision: &amp;apos;9a5a329c5a&amp;apos;
System info: host: &amp;apos;YV-Jerry.local&amp;apos;, ip: &amp;apos;fe80:0:0:0:1420:dc4e:48a2:adf3%en0&amp;apos;, os.name: &amp;apos;Mac OS X&amp;apos;, os.arch: &amp;apos;x86_64&amp;apos;, os.version: &amp;apos;11.0&amp;apos;, java.version: &amp;apos;16.0.2&amp;apos;
Driver info: org.openqa.selenium.chrome.ChromeDriver
Command: [eb9d87965aeeaa59859b2c9d0ab99bb1, clickElement {id=34a2e872-fcc9-4e34-a86d-503c39338672}]
Capabilities {acceptInsecureCerts: false, browserName: chrome, browserVersion: 105.0.5195.102, chrome: {chromedriverVersion: 104.0.5112.79 (3cf3e8c8a07d..., userDataDir: /var/folders/8c/dvnzzls14cz...}, goog:chromeOptions: {debuggerAddress: localhost:55049}, javascriptEnabled: true, networkConnectionEnabled: false, pageLoadStrategy: normal, platform: MAC, platformName: MAC, proxy: Proxy(), se:cdp: ws://localhost:55049/devtoo..., se:cdpVersion: 105.0.5195.102, setWindowRect: true, strictFileInteractability: false, timeouts: {implicit: 0, pageLoad: 300000, script: 30000}, unhandledPromptBehavior: dismiss and notify, webauthn:extension:credBlob: true, webauthn:extension:largeBlob: true, webauthn:virtualAuthenticators: true}
Element: [[ChromeDriver: chrome on MAC (eb9d87965aeeaa59859b2c9d0ab99bb1)] -&amp;gt; xpath: //button[text()=&amp;apos; Invite Company &amp;apos;]]
Session ID: eb9d87965aeeaa59859b2c9d0ab99bb1">
      <![CDATA[org.openqa.selenium.ElementClickInterceptedException: element click intercepted: Element <button class="btn btn-warning mr-2">...</button> is not clickable at point (1309, 268). Other element would receive the click: <div id="add-company-modal" tabindex="-1" role="dialog" aria-labelledby="change-role-modal" class="modal animated fade pulse_ modal-border show" style="z-index: 1040; display: block;">...</div>
  (Session info: chrome=105.0.5195.102)
Build info: version: '4.1.2', revision: '9a5a329c5a'
System info: host: 'YV-Jerry.local', ip: 'fe80:0:0:0:1420:dc4e:48a2:adf3%en0', os.name: 'Mac OS X', os.arch: 'x86_64', os.version: '11.0', java.version: '16.0.2'
Driver info: org.openqa.selenium.chrome.ChromeDriver
Command: [eb9d87965aeeaa59859b2c9d0ab99bb1, clickElement {id=34a2e872-fcc9-4e34-a86d-503c39338672}]
Capabilities {acceptInsecureCerts: false, browserName: chrome, browserVersion: 105.0.5195.102, chrome: {chromedriverVersion: 104.0.5112.79 (3cf3e8c8a07d..., userDataDir: /var/folders/8c/dvnzzls14cz...}, goog:chromeOptions: {debuggerAddress: localhost:55049}, javascriptEnabled: true, networkConnectionEnabled: false, pageLoadStrategy: normal, platform: MAC, platformName: MAC, proxy: Proxy(), se:cdp: ws://localhost:55049/devtoo..., se:cdpVersion: 105.0.5195.102, setWindowRect: true, strictFileInteractability: false, timeouts: {implicit: 0, pageLoad: 300000, script: 30000}, unhandledPromptBehavior: dismiss and notify, webauthn:extension:credBlob: true, webauthn:extension:largeBlob: true, webauthn:virtualAuthenticators: true}
Element: [[ChromeDriver: chrome on MAC (eb9d87965aeeaa59859b2c9d0ab99bb1)] -> xpath: //button[text()=' Invite Company ']]
Session ID: eb9d87965aeeaa59859b2c9d0ab99bb1
at org.openqa.selenium.remote.codec.w3c.W3CHttpResponseCodec.createException(W3CHttpResponseCodec.java:200)
at org.openqa.selenium.remote.codec.w3c.W3CHttpResponseCodec.decode(W3CHttpResponseCodec.java:133)
at org.openqa.selenium.remote.codec.w3c.W3CHttpResponseCodec.decode(W3CHttpResponseCodec.java:53)
at org.openqa.selenium.remote.HttpCommandExecutor.execute(HttpCommandExecutor.java:184)
at org.openqa.selenium.remote.service.DriverCommandExecutor.invokeExecute(DriverCommandExecutor.java:167)
at org.openqa.selenium.remote.service.DriverCommandExecutor.execute(DriverCommandExecutor.java:142)
at org.openqa.selenium.remote.RemoteWebDriver.execute(RemoteWebDriver.java:558)
at org.openqa.selenium.remote.RemoteWebElement.execute(RemoteWebElement.java:251)
at org.openqa.selenium.remote.RemoteWebElement.click(RemoteWebElement.java:77)
at admin.CompaniesTest.EmptyAdminLastNameField(CompaniesTest.java:212)
at java.base/java.util.ArrayList.forEach(ArrayList.java:1511)
... Removed 32 stack frames]]>
    </failure>
  </testcase> <!-- EmptyAdminLastNameField -->
  <testcase classname="admin.CompaniesTest" name="EmptyPhoneNumberField" time="1.984">
    <failure type="org.openqa.selenium.ElementClickInterceptedException" message="element click intercepted: Element &amp;lt;button class=&amp;quot;btn btn-warning mr-2&amp;quot;&amp;gt;...&amp;lt;/button&amp;gt; is not clickable at point (1309, 268). Other element would receive the click: &amp;lt;div id=&amp;quot;add-company-modal&amp;quot; tabindex=&amp;quot;-1&amp;quot; role=&amp;quot;dialog&amp;quot; aria-labelledby=&amp;quot;change-role-modal&amp;quot; class=&amp;quot;modal animated fade pulse_ modal-border show&amp;quot; style=&amp;quot;z-index: 1040; display: block;&amp;quot;&amp;gt;...&amp;lt;/div&amp;gt;
  (Session info: chrome=105.0.5195.102)
Build info: version: &amp;apos;4.1.2&amp;apos;, revision: &amp;apos;9a5a329c5a&amp;apos;
System info: host: &amp;apos;YV-Jerry.local&amp;apos;, ip: &amp;apos;fe80:0:0:0:1420:dc4e:48a2:adf3%en0&amp;apos;, os.name: &amp;apos;Mac OS X&amp;apos;, os.arch: &amp;apos;x86_64&amp;apos;, os.version: &amp;apos;11.0&amp;apos;, java.version: &amp;apos;16.0.2&amp;apos;
Driver info: org.openqa.selenium.chrome.ChromeDriver
Command: [eb9d87965aeeaa59859b2c9d0ab99bb1, clickElement {id=34a2e872-fcc9-4e34-a86d-503c39338672}]
Capabilities {acceptInsecureCerts: false, browserName: chrome, browserVersion: 105.0.5195.102, chrome: {chromedriverVersion: 104.0.5112.79 (3cf3e8c8a07d..., userDataDir: /var/folders/8c/dvnzzls14cz...}, goog:chromeOptions: {debuggerAddress: localhost:55049}, javascriptEnabled: true, networkConnectionEnabled: false, pageLoadStrategy: normal, platform: MAC, platformName: MAC, proxy: Proxy(), se:cdp: ws://localhost:55049/devtoo..., se:cdpVersion: 105.0.5195.102, setWindowRect: true, strictFileInteractability: false, timeouts: {implicit: 0, pageLoad: 300000, script: 30000}, unhandledPromptBehavior: dismiss and notify, webauthn:extension:credBlob: true, webauthn:extension:largeBlob: true, webauthn:virtualAuthenticators: true}
Element: [[ChromeDriver: chrome on MAC (eb9d87965aeeaa59859b2c9d0ab99bb1)] -&amp;gt; xpath: //button[text()=&amp;apos; Invite Company &amp;apos;]]
Session ID: eb9d87965aeeaa59859b2c9d0ab99bb1">
      <![CDATA[org.openqa.selenium.ElementClickInterceptedException: element click intercepted: Element <button class="btn btn-warning mr-2">...</button> is not clickable at point (1309, 268). Other element would receive the click: <div id="add-company-modal" tabindex="-1" role="dialog" aria-labelledby="change-role-modal" class="modal animated fade pulse_ modal-border show" style="z-index: 1040; display: block;">...</div>
  (Session info: chrome=105.0.5195.102)
Build info: version: '4.1.2', revision: '9a5a329c5a'
System info: host: 'YV-Jerry.local', ip: 'fe80:0:0:0:1420:dc4e:48a2:adf3%en0', os.name: 'Mac OS X', os.arch: 'x86_64', os.version: '11.0', java.version: '16.0.2'
Driver info: org.openqa.selenium.chrome.ChromeDriver
Command: [eb9d87965aeeaa59859b2c9d0ab99bb1, clickElement {id=34a2e872-fcc9-4e34-a86d-503c39338672}]
Capabilities {acceptInsecureCerts: false, browserName: chrome, browserVersion: 105.0.5195.102, chrome: {chromedriverVersion: 104.0.5112.79 (3cf3e8c8a07d..., userDataDir: /var/folders/8c/dvnzzls14cz...}, goog:chromeOptions: {debuggerAddress: localhost:55049}, javascriptEnabled: true, networkConnectionEnabled: false, pageLoadStrategy: normal, platform: MAC, platformName: MAC, proxy: Proxy(), se:cdp: ws://localhost:55049/devtoo..., se:cdpVersion: 105.0.5195.102, setWindowRect: true, strictFileInteractability: false, timeouts: {implicit: 0, pageLoad: 300000, script: 30000}, unhandledPromptBehavior: dismiss and notify, webauthn:extension:credBlob: true, webauthn:extension:largeBlob: true, webauthn:virtualAuthenticators: true}
Element: [[ChromeDriver: chrome on MAC (eb9d87965aeeaa59859b2c9d0ab99bb1)] -> xpath: //button[text()=' Invite Company ']]
Session ID: eb9d87965aeeaa59859b2c9d0ab99bb1
at org.openqa.selenium.remote.codec.w3c.W3CHttpResponseCodec.createException(W3CHttpResponseCodec.java:200)
at org.openqa.selenium.remote.codec.w3c.W3CHttpResponseCodec.decode(W3CHttpResponseCodec.java:133)
at org.openqa.selenium.remote.codec.w3c.W3CHttpResponseCodec.decode(W3CHttpResponseCodec.java:53)
at org.openqa.selenium.remote.HttpCommandExecutor.execute(HttpCommandExecutor.java:184)
at org.openqa.selenium.remote.service.DriverCommandExecutor.invokeExecute(DriverCommandExecutor.java:167)
at org.openqa.selenium.remote.service.DriverCommandExecutor.execute(DriverCommandExecutor.java:142)
at org.openqa.selenium.remote.RemoteWebDriver.execute(RemoteWebDriver.java:558)
at org.openqa.selenium.remote.RemoteWebElement.execute(RemoteWebElement.java:251)
at org.openqa.selenium.remote.RemoteWebElement.click(RemoteWebElement.java:77)
at admin.CompaniesTest.EmptyPhoneNumberField(CompaniesTest.java:232)
at java.base/java.util.ArrayList.forEach(ArrayList.java:1511)
... Removed 32 stack frames]]>
    </failure>
  </testcase> <!-- EmptyPhoneNumberField -->
  <testcase classname="admin.CompaniesTest" name="InvalidPhoneNumberFormat" time="1.162">
    <failure type="org.openqa.selenium.ElementClickInterceptedException" message="element click intercepted: Element &amp;lt;button class=&amp;quot;btn btn-warning mr-2&amp;quot;&amp;gt;...&amp;lt;/button&amp;gt; is not clickable at point (1309, 268). Other element would receive the click: &amp;lt;div id=&amp;quot;add-company-modal&amp;quot; tabindex=&amp;quot;-1&amp;quot; role=&amp;quot;dialog&amp;quot; aria-labelledby=&amp;quot;change-role-modal&amp;quot; class=&amp;quot;modal animated fade pulse_ modal-border show&amp;quot; style=&amp;quot;z-index: 1040; display: block;&amp;quot;&amp;gt;...&amp;lt;/div&amp;gt;
  (Session info: chrome=105.0.5195.102)
Build info: version: &amp;apos;4.1.2&amp;apos;, revision: &amp;apos;9a5a329c5a&amp;apos;
System info: host: &amp;apos;YV-Jerry.local&amp;apos;, ip: &amp;apos;fe80:0:0:0:1420:dc4e:48a2:adf3%en0&amp;apos;, os.name: &amp;apos;Mac OS X&amp;apos;, os.arch: &amp;apos;x86_64&amp;apos;, os.version: &amp;apos;11.0&amp;apos;, java.version: &amp;apos;16.0.2&amp;apos;
Driver info: org.openqa.selenium.chrome.ChromeDriver
Command: [eb9d87965aeeaa59859b2c9d0ab99bb1, clickElement {id=34a2e872-fcc9-4e34-a86d-503c39338672}]
Capabilities {acceptInsecureCerts: false, browserName: chrome, browserVersion: 105.0.5195.102, chrome: {chromedriverVersion: 104.0.5112.79 (3cf3e8c8a07d..., userDataDir: /var/folders/8c/dvnzzls14cz...}, goog:chromeOptions: {debuggerAddress: localhost:55049}, javascriptEnabled: true, networkConnectionEnabled: false, pageLoadStrategy: normal, platform: MAC, platformName: MAC, proxy: Proxy(), se:cdp: ws://localhost:55049/devtoo..., se:cdpVersion: 105.0.5195.102, setWindowRect: true, strictFileInteractability: false, timeouts: {implicit: 0, pageLoad: 300000, script: 30000}, unhandledPromptBehavior: dismiss and notify, webauthn:extension:credBlob: true, webauthn:extension:largeBlob: true, webauthn:virtualAuthenticators: true}
Element: [[ChromeDriver: chrome on MAC (eb9d87965aeeaa59859b2c9d0ab99bb1)] -&amp;gt; xpath: //button[text()=&amp;apos; Invite Company &amp;apos;]]
Session ID: eb9d87965aeeaa59859b2c9d0ab99bb1">
      <![CDATA[org.openqa.selenium.ElementClickInterceptedException: element click intercepted: Element <button class="btn btn-warning mr-2">...</button> is not clickable at point (1309, 268). Other element would receive the click: <div id="add-company-modal" tabindex="-1" role="dialog" aria-labelledby="change-role-modal" class="modal animated fade pulse_ modal-border show" style="z-index: 1040; display: block;">...</div>
  (Session info: chrome=105.0.5195.102)
Build info: version: '4.1.2', revision: '9a5a329c5a'
System info: host: 'YV-Jerry.local', ip: 'fe80:0:0:0:1420:dc4e:48a2:adf3%en0', os.name: 'Mac OS X', os.arch: 'x86_64', os.version: '11.0', java.version: '16.0.2'
Driver info: org.openqa.selenium.chrome.ChromeDriver
Command: [eb9d87965aeeaa59859b2c9d0ab99bb1, clickElement {id=34a2e872-fcc9-4e34-a86d-503c39338672}]
Capabilities {acceptInsecureCerts: false, browserName: chrome, browserVersion: 105.0.5195.102, chrome: {chromedriverVersion: 104.0.5112.79 (3cf3e8c8a07d..., userDataDir: /var/folders/8c/dvnzzls14cz...}, goog:chromeOptions: {debuggerAddress: localhost:55049}, javascriptEnabled: true, networkConnectionEnabled: false, pageLoadStrategy: normal, platform: MAC, platformName: MAC, proxy: Proxy(), se:cdp: ws://localhost:55049/devtoo..., se:cdpVersion: 105.0.5195.102, setWindowRect: true, strictFileInteractability: false, timeouts: {implicit: 0, pageLoad: 300000, script: 30000}, unhandledPromptBehavior: dismiss and notify, webauthn:extension:credBlob: true, webauthn:extension:largeBlob: true, webauthn:virtualAuthenticators: true}
Element: [[ChromeDriver: chrome on MAC (eb9d87965aeeaa59859b2c9d0ab99bb1)] -> xpath: //button[text()=' Invite Company ']]
Session ID: eb9d87965aeeaa59859b2c9d0ab99bb1
at org.openqa.selenium.remote.codec.w3c.W3CHttpResponseCodec.createException(W3CHttpResponseCodec.java:200)
at org.openqa.selenium.remote.codec.w3c.W3CHttpResponseCodec.decode(W3CHttpResponseCodec.java:133)
at org.openqa.selenium.remote.codec.w3c.W3CHttpResponseCodec.decode(W3CHttpResponseCodec.java:53)
at org.openqa.selenium.remote.HttpCommandExecutor.execute(HttpCommandExecutor.java:184)
at org.openqa.selenium.remote.service.DriverCommandExecutor.invokeExecute(DriverCommandExecutor.java:167)
at org.openqa.selenium.remote.service.DriverCommandExecutor.execute(DriverCommandExecutor.java:142)
at org.openqa.selenium.remote.RemoteWebDriver.execute(RemoteWebDriver.java:558)
at org.openqa.selenium.remote.RemoteWebElement.execute(RemoteWebElement.java:251)
at org.openqa.selenium.remote.RemoteWebElement.click(RemoteWebElement.java:77)
at admin.CompaniesTest.InvalidPhoneNumberFormat(CompaniesTest.java:252)
at java.base/java.util.ArrayList.forEach(ArrayList.java:1511)
... Removed 32 stack frames]]>
    </failure>
  </testcase> <!-- InvalidPhoneNumberFormat -->
  <testcase classname="admin.CompaniesTest" name="InvalidPhoneNumberFormat" time="1.298">
    <failure type="org.openqa.selenium.ElementClickInterceptedException" message="element click intercepted: Element &amp;lt;button class=&amp;quot;btn btn-warning mr-2&amp;quot;&amp;gt;...&amp;lt;/button&amp;gt; is not clickable at point (1309, 268). Other element would receive the click: &amp;lt;div id=&amp;quot;add-company-modal&amp;quot; tabindex=&amp;quot;-1&amp;quot; role=&amp;quot;dialog&amp;quot; aria-labelledby=&amp;quot;change-role-modal&amp;quot; class=&amp;quot;modal animated fade pulse_ modal-border show&amp;quot; style=&amp;quot;z-index: 1040; display: block;&amp;quot;&amp;gt;...&amp;lt;/div&amp;gt;
  (Session info: chrome=105.0.5195.102)
Build info: version: &amp;apos;4.1.2&amp;apos;, revision: &amp;apos;9a5a329c5a&amp;apos;
System info: host: &amp;apos;YV-Jerry.local&amp;apos;, ip: &amp;apos;fe80:0:0:0:1420:dc4e:48a2:adf3%en0&amp;apos;, os.name: &amp;apos;Mac OS X&amp;apos;, os.arch: &amp;apos;x86_64&amp;apos;, os.version: &amp;apos;11.0&amp;apos;, java.version: &amp;apos;16.0.2&amp;apos;
Driver info: org.openqa.selenium.chrome.ChromeDriver
Command: [eb9d87965aeeaa59859b2c9d0ab99bb1, clickElement {id=34a2e872-fcc9-4e34-a86d-503c39338672}]
Capabilities {acceptInsecureCerts: false, browserName: chrome, browserVersion: 105.0.5195.102, chrome: {chromedriverVersion: 104.0.5112.79 (3cf3e8c8a07d..., userDataDir: /var/folders/8c/dvnzzls14cz...}, goog:chromeOptions: {debuggerAddress: localhost:55049}, javascriptEnabled: true, networkConnectionEnabled: false, pageLoadStrategy: normal, platform: MAC, platformName: MAC, proxy: Proxy(), se:cdp: ws://localhost:55049/devtoo..., se:cdpVersion: 105.0.5195.102, setWindowRect: true, strictFileInteractability: false, timeouts: {implicit: 0, pageLoad: 300000, script: 30000}, unhandledPromptBehavior: dismiss and notify, webauthn:extension:credBlob: true, webauthn:extension:largeBlob: true, webauthn:virtualAuthenticators: true}
Element: [[ChromeDriver: chrome on MAC (eb9d87965aeeaa59859b2c9d0ab99bb1)] -&amp;gt; xpath: //button[text()=&amp;apos; Invite Company &amp;apos;]]
Session ID: eb9d87965aeeaa59859b2c9d0ab99bb1">
      <![CDATA[org.openqa.selenium.ElementClickInterceptedException: element click intercepted: Element <button class="btn btn-warning mr-2">...</button> is not clickable at point (1309, 268). Other element would receive the click: <div id="add-company-modal" tabindex="-1" role="dialog" aria-labelledby="change-role-modal" class="modal animated fade pulse_ modal-border show" style="z-index: 1040; display: block;">...</div>
  (Session info: chrome=105.0.5195.102)
Build info: version: '4.1.2', revision: '9a5a329c5a'
System info: host: 'YV-Jerry.local', ip: 'fe80:0:0:0:1420:dc4e:48a2:adf3%en0', os.name: 'Mac OS X', os.arch: 'x86_64', os.version: '11.0', java.version: '16.0.2'
Driver info: org.openqa.selenium.chrome.ChromeDriver
Command: [eb9d87965aeeaa59859b2c9d0ab99bb1, clickElement {id=34a2e872-fcc9-4e34-a86d-503c39338672}]
Capabilities {acceptInsecureCerts: false, browserName: chrome, browserVersion: 105.0.5195.102, chrome: {chromedriverVersion: 104.0.5112.79 (3cf3e8c8a07d..., userDataDir: /var/folders/8c/dvnzzls14cz...}, goog:chromeOptions: {debuggerAddress: localhost:55049}, javascriptEnabled: true, networkConnectionEnabled: false, pageLoadStrategy: normal, platform: MAC, platformName: MAC, proxy: Proxy(), se:cdp: ws://localhost:55049/devtoo..., se:cdpVersion: 105.0.5195.102, setWindowRect: true, strictFileInteractability: false, timeouts: {implicit: 0, pageLoad: 300000, script: 30000}, unhandledPromptBehavior: dismiss and notify, webauthn:extension:credBlob: true, webauthn:extension:largeBlob: true, webauthn:virtualAuthenticators: true}
Element: [[ChromeDriver: chrome on MAC (eb9d87965aeeaa59859b2c9d0ab99bb1)] -> xpath: //button[text()=' Invite Company ']]
Session ID: eb9d87965aeeaa59859b2c9d0ab99bb1
at org.openqa.selenium.remote.codec.w3c.W3CHttpResponseCodec.createException(W3CHttpResponseCodec.java:200)
at org.openqa.selenium.remote.codec.w3c.W3CHttpResponseCodec.decode(W3CHttpResponseCodec.java:133)
at org.openqa.selenium.remote.codec.w3c.W3CHttpResponseCodec.decode(W3CHttpResponseCodec.java:53)
at org.openqa.selenium.remote.HttpCommandExecutor.execute(HttpCommandExecutor.java:184)
at org.openqa.selenium.remote.service.DriverCommandExecutor.invokeExecute(DriverCommandExecutor.java:167)
at org.openqa.selenium.remote.service.DriverCommandExecutor.execute(DriverCommandExecutor.java:142)
at org.openqa.selenium.remote.RemoteWebDriver.execute(RemoteWebDriver.java:558)
at org.openqa.selenium.remote.RemoteWebElement.execute(RemoteWebElement.java:251)
at org.openqa.selenium.remote.RemoteWebElement.click(RemoteWebElement.java:77)
at admin.CompaniesTest.InvalidPhoneNumberFormat(CompaniesTest.java:252)
at java.base/java.util.ArrayList.forEach(ArrayList.java:1511)
... Removed 32 stack frames]]>
    </failure>
  </testcase> <!-- InvalidPhoneNumberFormat -->
  <testcase classname="admin.CompaniesTest" name="SuccessfulCompanyInvite" time="1.126">
    <failure type="org.openqa.selenium.ElementClickInterceptedException" message="element click intercepted: Element &amp;lt;button class=&amp;quot;btn btn-warning mr-2&amp;quot;&amp;gt;...&amp;lt;/button&amp;gt; is not clickable at point (1309, 268). Other element would receive the click: &amp;lt;div id=&amp;quot;add-company-modal&amp;quot; tabindex=&amp;quot;-1&amp;quot; role=&amp;quot;dialog&amp;quot; aria-labelledby=&amp;quot;change-role-modal&amp;quot; class=&amp;quot;modal animated fade pulse_ modal-border show&amp;quot; style=&amp;quot;z-index: 1040; display: block;&amp;quot;&amp;gt;...&amp;lt;/div&amp;gt;
  (Session info: chrome=105.0.5195.102)
Build info: version: &amp;apos;4.1.2&amp;apos;, revision: &amp;apos;9a5a329c5a&amp;apos;
System info: host: &amp;apos;YV-Jerry.local&amp;apos;, ip: &amp;apos;fe80:0:0:0:1420:dc4e:48a2:adf3%en0&amp;apos;, os.name: &amp;apos;Mac OS X&amp;apos;, os.arch: &amp;apos;x86_64&amp;apos;, os.version: &amp;apos;11.0&amp;apos;, java.version: &amp;apos;16.0.2&amp;apos;
Driver info: org.openqa.selenium.chrome.ChromeDriver
Command: [eb9d87965aeeaa59859b2c9d0ab99bb1, clickElement {id=34a2e872-fcc9-4e34-a86d-503c39338672}]
Capabilities {acceptInsecureCerts: false, browserName: chrome, browserVersion: 105.0.5195.102, chrome: {chromedriverVersion: 104.0.5112.79 (3cf3e8c8a07d..., userDataDir: /var/folders/8c/dvnzzls14cz...}, goog:chromeOptions: {debuggerAddress: localhost:55049}, javascriptEnabled: true, networkConnectionEnabled: false, pageLoadStrategy: normal, platform: MAC, platformName: MAC, proxy: Proxy(), se:cdp: ws://localhost:55049/devtoo..., se:cdpVersion: 105.0.5195.102, setWindowRect: true, strictFileInteractability: false, timeouts: {implicit: 0, pageLoad: 300000, script: 30000}, unhandledPromptBehavior: dismiss and notify, webauthn:extension:credBlob: true, webauthn:extension:largeBlob: true, webauthn:virtualAuthenticators: true}
Element: [[ChromeDriver: chrome on MAC (eb9d87965aeeaa59859b2c9d0ab99bb1)] -&amp;gt; xpath: //button[text()=&amp;apos; Invite Company &amp;apos;]]
Session ID: eb9d87965aeeaa59859b2c9d0ab99bb1">
      <![CDATA[org.openqa.selenium.ElementClickInterceptedException: element click intercepted: Element <button class="btn btn-warning mr-2">...</button> is not clickable at point (1309, 268). Other element would receive the click: <div id="add-company-modal" tabindex="-1" role="dialog" aria-labelledby="change-role-modal" class="modal animated fade pulse_ modal-border show" style="z-index: 1040; display: block;">...</div>
  (Session info: chrome=105.0.5195.102)
Build info: version: '4.1.2', revision: '9a5a329c5a'
System info: host: 'YV-Jerry.local', ip: 'fe80:0:0:0:1420:dc4e:48a2:adf3%en0', os.name: 'Mac OS X', os.arch: 'x86_64', os.version: '11.0', java.version: '16.0.2'
Driver info: org.openqa.selenium.chrome.ChromeDriver
Command: [eb9d87965aeeaa59859b2c9d0ab99bb1, clickElement {id=34a2e872-fcc9-4e34-a86d-503c39338672}]
Capabilities {acceptInsecureCerts: false, browserName: chrome, browserVersion: 105.0.5195.102, chrome: {chromedriverVersion: 104.0.5112.79 (3cf3e8c8a07d..., userDataDir: /var/folders/8c/dvnzzls14cz...}, goog:chromeOptions: {debuggerAddress: localhost:55049}, javascriptEnabled: true, networkConnectionEnabled: false, pageLoadStrategy: normal, platform: MAC, platformName: MAC, proxy: Proxy(), se:cdp: ws://localhost:55049/devtoo..., se:cdpVersion: 105.0.5195.102, setWindowRect: true, strictFileInteractability: false, timeouts: {implicit: 0, pageLoad: 300000, script: 30000}, unhandledPromptBehavior: dismiss and notify, webauthn:extension:credBlob: true, webauthn:extension:largeBlob: true, webauthn:virtualAuthenticators: true}
Element: [[ChromeDriver: chrome on MAC (eb9d87965aeeaa59859b2c9d0ab99bb1)] -> xpath: //button[text()=' Invite Company ']]
Session ID: eb9d87965aeeaa59859b2c9d0ab99bb1
at org.openqa.selenium.remote.codec.w3c.W3CHttpResponseCodec.createException(W3CHttpResponseCodec.java:200)
at org.openqa.selenium.remote.codec.w3c.W3CHttpResponseCodec.decode(W3CHttpResponseCodec.java:133)
at org.openqa.selenium.remote.codec.w3c.W3CHttpResponseCodec.decode(W3CHttpResponseCodec.java:53)
at org.openqa.selenium.remote.HttpCommandExecutor.execute(HttpCommandExecutor.java:184)
at org.openqa.selenium.remote.service.DriverCommandExecutor.invokeExecute(DriverCommandExecutor.java:167)
at org.openqa.selenium.remote.service.DriverCommandExecutor.execute(DriverCommandExecutor.java:142)
at org.openqa.selenium.remote.RemoteWebDriver.execute(RemoteWebDriver.java:558)
at org.openqa.selenium.remote.RemoteWebElement.execute(RemoteWebElement.java:251)
at org.openqa.selenium.remote.RemoteWebElement.click(RemoteWebElement.java:77)
at admin.CompaniesTest.SuccessfulCompanyInvite(CompaniesTest.java:272)
at java.base/java.util.ArrayList.forEach(ArrayList.java:1511)
... Removed 32 stack frames]]>
    </failure>
  </testcase> <!-- SuccessfulCompanyInvite -->
  <testcase classname="admin.CompaniesTest" name="ValidateExistingEmailInvite" time="0.003">
    <skipped/>
  </testcase> <!-- ValidateExistingEmailInvite -->
  <testcase classname="admin.CompaniesTest" name="ValidateInvitedCompanyStatus" time="16.552">
    <failure type="org.openqa.selenium.ElementNotInteractableException" message="element not interactable
  (Session info: chrome=105.0.5195.102)
Build info: version: &amp;apos;4.1.2&amp;apos;, revision: &amp;apos;9a5a329c5a&amp;apos;
System info: host: &amp;apos;YV-Jerry.local&amp;apos;, ip: &amp;apos;fe80:0:0:0:1420:dc4e:48a2:adf3%en0&amp;apos;, os.name: &amp;apos;Mac OS X&amp;apos;, os.arch: &amp;apos;x86_64&amp;apos;, os.version: &amp;apos;11.0&amp;apos;, java.version: &amp;apos;16.0.2&amp;apos;
Driver info: org.openqa.selenium.chrome.ChromeDriver
Command: [eb9d87965aeeaa59859b2c9d0ab99bb1, clickElement {id=c352a529-da45-42a6-9b19-7d5dcbb4a6f7}]
Capabilities {acceptInsecureCerts: false, browserName: chrome, browserVersion: 105.0.5195.102, chrome: {chromedriverVersion: 104.0.5112.79 (3cf3e8c8a07d..., userDataDir: /var/folders/8c/dvnzzls14cz...}, goog:chromeOptions: {debuggerAddress: localhost:55049}, javascriptEnabled: true, networkConnectionEnabled: false, pageLoadStrategy: normal, platform: MAC, platformName: MAC, proxy: Proxy(), se:cdp: ws://localhost:55049/devtoo..., se:cdpVersion: 105.0.5195.102, setWindowRect: true, strictFileInteractability: false, timeouts: {implicit: 0, pageLoad: 300000, script: 30000}, unhandledPromptBehavior: dismiss and notify, webauthn:extension:credBlob: true, webauthn:extension:largeBlob: true, webauthn:virtualAuthenticators: true}
Element: [[ChromeDriver: chrome on MAC (eb9d87965aeeaa59859b2c9d0ab99bb1)] -&amp;gt; xpath: //li[@class=&amp;apos;page-item pagination-page-nav active&amp;apos;] //following-sibling::li]
Session ID: eb9d87965aeeaa59859b2c9d0ab99bb1">
      <![CDATA[org.openqa.selenium.ElementNotInteractableException: element not interactable
  (Session info: chrome=105.0.5195.102)
Build info: version: '4.1.2', revision: '9a5a329c5a'
System info: host: 'YV-Jerry.local', ip: 'fe80:0:0:0:1420:dc4e:48a2:adf3%en0', os.name: 'Mac OS X', os.arch: 'x86_64', os.version: '11.0', java.version: '16.0.2'
Driver info: org.openqa.selenium.chrome.ChromeDriver
Command: [eb9d87965aeeaa59859b2c9d0ab99bb1, clickElement {id=c352a529-da45-42a6-9b19-7d5dcbb4a6f7}]
Capabilities {acceptInsecureCerts: false, browserName: chrome, browserVersion: 105.0.5195.102, chrome: {chromedriverVersion: 104.0.5112.79 (3cf3e8c8a07d..., userDataDir: /var/folders/8c/dvnzzls14cz...}, goog:chromeOptions: {debuggerAddress: localhost:55049}, javascriptEnabled: true, networkConnectionEnabled: false, pageLoadStrategy: normal, platform: MAC, platformName: MAC, proxy: Proxy(), se:cdp: ws://localhost:55049/devtoo..., se:cdpVersion: 105.0.5195.102, setWindowRect: true, strictFileInteractability: false, timeouts: {implicit: 0, pageLoad: 300000, script: 30000}, unhandledPromptBehavior: dismiss and notify, webauthn:extension:credBlob: true, webauthn:extension:largeBlob: true, webauthn:virtualAuthenticators: true}
Element: [[ChromeDriver: chrome on MAC (eb9d87965aeeaa59859b2c9d0ab99bb1)] -> xpath: //li[@class='page-item pagination-page-nav active'] //following-sibling::li]
Session ID: eb9d87965aeeaa59859b2c9d0ab99bb1
at org.openqa.selenium.remote.codec.w3c.W3CHttpResponseCodec.createException(W3CHttpResponseCodec.java:200)
at org.openqa.selenium.remote.codec.w3c.W3CHttpResponseCodec.decode(W3CHttpResponseCodec.java:133)
at org.openqa.selenium.remote.codec.w3c.W3CHttpResponseCodec.decode(W3CHttpResponseCodec.java:53)
at org.openqa.selenium.remote.HttpCommandExecutor.execute(HttpCommandExecutor.java:184)
at org.openqa.selenium.remote.service.DriverCommandExecutor.invokeExecute(DriverCommandExecutor.java:167)
at org.openqa.selenium.remote.service.DriverCommandExecutor.execute(DriverCommandExecutor.java:142)
at org.openqa.selenium.remote.RemoteWebDriver.execute(RemoteWebDriver.java:558)
at org.openqa.selenium.remote.RemoteWebElement.execute(RemoteWebElement.java:251)
at org.openqa.selenium.remote.RemoteWebElement.click(RemoteWebElement.java:77)
at admin.CompaniesTest.ValidateInvitedCompanyStatus(CompaniesTest.java:348)
at java.base/java.util.ArrayList.forEach(ArrayList.java:1511)
... Removed 32 stack frames]]>
    </failure>
  </testcase> <!-- ValidateInvitedCompanyStatus -->
  <testcase classname="admin.CompaniesTest" name="ValidateActiveCompanyStatus" time="15.528">
    <failure type="org.openqa.selenium.ElementNotInteractableException" message="element not interactable
  (Session info: chrome=105.0.5195.102)
Build info: version: &amp;apos;4.1.2&amp;apos;, revision: &amp;apos;9a5a329c5a&amp;apos;
System info: host: &amp;apos;YV-Jerry.local&amp;apos;, ip: &amp;apos;fe80:0:0:0:1420:dc4e:48a2:adf3%en0&amp;apos;, os.name: &amp;apos;Mac OS X&amp;apos;, os.arch: &amp;apos;x86_64&amp;apos;, os.version: &amp;apos;11.0&amp;apos;, java.version: &amp;apos;16.0.2&amp;apos;
Driver info: org.openqa.selenium.chrome.ChromeDriver
Command: [eb9d87965aeeaa59859b2c9d0ab99bb1, clickElement {id=c352a529-da45-42a6-9b19-7d5dcbb4a6f7}]
Capabilities {acceptInsecureCerts: false, browserName: chrome, browserVersion: 105.0.5195.102, chrome: {chromedriverVersion: 104.0.5112.79 (3cf3e8c8a07d..., userDataDir: /var/folders/8c/dvnzzls14cz...}, goog:chromeOptions: {debuggerAddress: localhost:55049}, javascriptEnabled: true, networkConnectionEnabled: false, pageLoadStrategy: normal, platform: MAC, platformName: MAC, proxy: Proxy(), se:cdp: ws://localhost:55049/devtoo..., se:cdpVersion: 105.0.5195.102, setWindowRect: true, strictFileInteractability: false, timeouts: {implicit: 0, pageLoad: 300000, script: 30000}, unhandledPromptBehavior: dismiss and notify, webauthn:extension:credBlob: true, webauthn:extension:largeBlob: true, webauthn:virtualAuthenticators: true}
Element: [[ChromeDriver: chrome on MAC (eb9d87965aeeaa59859b2c9d0ab99bb1)] -&amp;gt; xpath: //li[@class=&amp;apos;page-item pagination-page-nav active&amp;apos;] //following-sibling::li]
Session ID: eb9d87965aeeaa59859b2c9d0ab99bb1">
      <![CDATA[org.openqa.selenium.ElementNotInteractableException: element not interactable
  (Session info: chrome=105.0.5195.102)
Build info: version: '4.1.2', revision: '9a5a329c5a'
System info: host: 'YV-Jerry.local', ip: 'fe80:0:0:0:1420:dc4e:48a2:adf3%en0', os.name: 'Mac OS X', os.arch: 'x86_64', os.version: '11.0', java.version: '16.0.2'
Driver info: org.openqa.selenium.chrome.ChromeDriver
Command: [eb9d87965aeeaa59859b2c9d0ab99bb1, clickElement {id=c352a529-da45-42a6-9b19-7d5dcbb4a6f7}]
Capabilities {acceptInsecureCerts: false, browserName: chrome, browserVersion: 105.0.5195.102, chrome: {chromedriverVersion: 104.0.5112.79 (3cf3e8c8a07d..., userDataDir: /var/folders/8c/dvnzzls14cz...}, goog:chromeOptions: {debuggerAddress: localhost:55049}, javascriptEnabled: true, networkConnectionEnabled: false, pageLoadStrategy: normal, platform: MAC, platformName: MAC, proxy: Proxy(), se:cdp: ws://localhost:55049/devtoo..., se:cdpVersion: 105.0.5195.102, setWindowRect: true, strictFileInteractability: false, timeouts: {implicit: 0, pageLoad: 300000, script: 30000}, unhandledPromptBehavior: dismiss and notify, webauthn:extension:credBlob: true, webauthn:extension:largeBlob: true, webauthn:virtualAuthenticators: true}
Element: [[ChromeDriver: chrome on MAC (eb9d87965aeeaa59859b2c9d0ab99bb1)] -> xpath: //li[@class='page-item pagination-page-nav active'] //following-sibling::li]
Session ID: eb9d87965aeeaa59859b2c9d0ab99bb1
at org.openqa.selenium.remote.codec.w3c.W3CHttpResponseCodec.createException(W3CHttpResponseCodec.java:200)
at org.openqa.selenium.remote.codec.w3c.W3CHttpResponseCodec.decode(W3CHttpResponseCodec.java:133)
at org.openqa.selenium.remote.codec.w3c.W3CHttpResponseCodec.decode(W3CHttpResponseCodec.java:53)
at org.openqa.selenium.remote.HttpCommandExecutor.execute(HttpCommandExecutor.java:184)
at org.openqa.selenium.remote.service.DriverCommandExecutor.invokeExecute(DriverCommandExecutor.java:167)
at org.openqa.selenium.remote.service.DriverCommandExecutor.execute(DriverCommandExecutor.java:142)
at org.openqa.selenium.remote.RemoteWebDriver.execute(RemoteWebDriver.java:558)
at org.openqa.selenium.remote.RemoteWebElement.execute(RemoteWebElement.java:251)
at org.openqa.selenium.remote.RemoteWebElement.click(RemoteWebElement.java:77)
at admin.CompaniesTest.ValidateActiveCompanyStatus(CompaniesTest.java:374)
at java.base/java.util.ArrayList.forEach(ArrayList.java:1511)
... Removed 32 stack frames]]>
    </failure>
  </testcase> <!-- ValidateActiveCompanyStatus -->
  <testcase classname="admin.ProfileTest" name="ValidateProfilePage" time="13.463"/>
  <testcase classname="admin.ProfileTest" name="ValidateProfileInformation" time="0.258"/>
  <testcase classname="admin.ProfileTest" name="ValidateProfileImageUpload" time="5.604"/>
  <testcase classname="admin.ProfileTest" name="ValidateFirstNameEdit" time="4.698"/>
  <testcase classname="admin.ProfileTest" name="ValidateLastNameEdit" time="4.052"/>
  <testcase classname="admin.ProfileTest" name="ValidatePhoneNumberEdit" time="6.682"/>
  <testcase classname="admin.ProfileTest" name="InvalidPhoneNumberFormat" time="0.126"/>
  <testcase classname="admin.ProfileTest" name="InvalidPhoneNumberFormat" time="0.161"/>
  <testcase classname="admin.ProfileTest" name="ValidateGenderEdit" time="0.073"/>
  <testcase classname="admin.ProfileTest" name="ValidateEmailAddressEdit" time="0.04"/>
  <testcase classname="admin.ProfileTest" name="ValidateConFirmPasswordField" time="10.516">
    <failure type="org.openqa.selenium.TimeoutException" message="Expected condition failed: waiting for visibility of element located by By.id: user-password-confirm (tried for 10 second(s) with 500 milliseconds interval)
Build info: version: &amp;apos;4.1.2&amp;apos;, revision: &amp;apos;9a5a329c5a&amp;apos;
System info: host: &amp;apos;YV-Jerry.local&amp;apos;, ip: &amp;apos;fe80:0:0:0:1420:dc4e:48a2:adf3%en0&amp;apos;, os.name: &amp;apos;Mac OS X&amp;apos;, os.arch: &amp;apos;x86_64&amp;apos;, os.version: &amp;apos;11.0&amp;apos;, java.version: &amp;apos;16.0.2&amp;apos;
Driver info: org.openqa.selenium.chrome.ChromeDriver
Capabilities {acceptInsecureCerts: false, browserName: chrome, browserVersion: 105.0.5195.102, chrome: {chromedriverVersion: 104.0.5112.79 (3cf3e8c8a07d..., userDataDir: /var/folders/8c/dvnzzls14cz...}, goog:chromeOptions: {debuggerAddress: localhost:55502}, javascriptEnabled: true, networkConnectionEnabled: false, pageLoadStrategy: normal, platform: MAC, platformName: MAC, proxy: Proxy(), se:cdp: ws://localhost:55502/devtoo..., se:cdpVersion: 105.0.5195.102, setWindowRect: true, strictFileInteractability: false, timeouts: {implicit: 0, pageLoad: 300000, script: 30000}, unhandledPromptBehavior: dismiss and notify, webauthn:extension:credBlob: true, webauthn:extension:largeBlob: true, webauthn:virtualAuthenticators: true}
Session ID: 092a0d808fd08d82eae894ed472e28d3">
      <![CDATA[org.openqa.selenium.TimeoutException: Expected condition failed: waiting for visibility of element located by By.id: user-password-confirm (tried for 10 second(s) with 500 milliseconds interval)
Build info: version: '4.1.2', revision: '9a5a329c5a'
System info: host: 'YV-Jerry.local', ip: 'fe80:0:0:0:1420:dc4e:48a2:adf3%en0', os.name: 'Mac OS X', os.arch: 'x86_64', os.version: '11.0', java.version: '16.0.2'
Driver info: org.openqa.selenium.chrome.ChromeDriver
Capabilities {acceptInsecureCerts: false, browserName: chrome, browserVersion: 105.0.5195.102, chrome: {chromedriverVersion: 104.0.5112.79 (3cf3e8c8a07d..., userDataDir: /var/folders/8c/dvnzzls14cz...}, goog:chromeOptions: {debuggerAddress: localhost:55502}, javascriptEnabled: true, networkConnectionEnabled: false, pageLoadStrategy: normal, platform: MAC, platformName: MAC, proxy: Proxy(), se:cdp: ws://localhost:55502/devtoo..., se:cdpVersion: 105.0.5195.102, setWindowRect: true, strictFileInteractability: false, timeouts: {implicit: 0, pageLoad: 300000, script: 30000}, unhandledPromptBehavior: dismiss and notify, webauthn:extension:credBlob: true, webauthn:extension:largeBlob: true, webauthn:virtualAuthenticators: true}
Session ID: 092a0d808fd08d82eae894ed472e28d3
at org.openqa.selenium.support.ui.WebDriverWait.timeoutException(WebDriverWait.java:138)
at org.openqa.selenium.support.ui.FluentWait.until(FluentWait.java:231)
at pageObject.admin.Profile.getConfirmPasswordField(Profile.java:53)
at admin.ProfileTest.ValidateConFirmPasswordField(ProfileTest.java:195)
at java.base/java.util.ArrayList.forEach(ArrayList.java:1511)
... Removed 27 stack frames]]>
    </failure>
  </testcase> <!-- ValidateConFirmPasswordField -->
  <testcase classname="admin.ProfileTest" name="ValidatePasswordTips" time="1.604">
    <failure type="org.openqa.selenium.ElementClickInterceptedException" message="element click intercepted: Element &amp;lt;button class=&amp;quot;btn btn-outline-success&amp;quot;&amp;gt;...&amp;lt;/button&amp;gt; is not clickable at point (360, 613). Other element would receive the click: &amp;lt;div id=&amp;quot;change-password-modal&amp;quot; data-backdrop=&amp;quot;static&amp;quot; tabindex=&amp;quot;-1&amp;quot; role=&amp;quot;dialog&amp;quot; aria-labelledby=&amp;quot;change-role-modal&amp;quot; class=&amp;quot;modal animated fade pulse_ modal-border show&amp;quot; style=&amp;quot;z-index: 1040; display: block;&amp;quot;&amp;gt;...&amp;lt;/div&amp;gt;
  (Session info: chrome=105.0.5195.102)
Build info: version: &amp;apos;4.1.2&amp;apos;, revision: &amp;apos;9a5a329c5a&amp;apos;
System info: host: &amp;apos;YV-Jerry.local&amp;apos;, ip: &amp;apos;fe80:0:0:0:1420:dc4e:48a2:adf3%en0&amp;apos;, os.name: &amp;apos;Mac OS X&amp;apos;, os.arch: &amp;apos;x86_64&amp;apos;, os.version: &amp;apos;11.0&amp;apos;, java.version: &amp;apos;16.0.2&amp;apos;
Driver info: org.openqa.selenium.chrome.ChromeDriver
[...]
at org.openqa.selenium.remote.service.DriverCommandExecutor.execute(DriverCommandExecutor.java:142)
at org.openqa.selenium.remote.RemoteWebDriver.execute(RemoteWebDriver.java:558)
at org.openqa.selenium.remote.ElementLocation$ElementFinder$2.findElement(ElementLocation.java:162)
at org.openqa.selenium.remote.ElementLocation.findElement(ElementLocation.java:60)
at org.openqa.selenium.remote.RemoteWebDriver.findElement(RemoteWebDriver.java:382)
at org.openqa.selenium.remote.RemoteWebDriver.findElement(RemoteWebDriver.java:374)
at pageObject.admin.PrintLicense.getEmptyApplicationText(PrintLicense.java:88)
at admin.PrintLicenseIdTest.ValidateAllPendingIdPrint(PrintLicenseIdTest.java:340)
at java.base/java.util.ArrayList.forEach(ArrayList.java:1511)
... Removed 32 stack frames]]>
    </failure>
  </testcase> <!-- ValidateAllPendingIdPrint -->
  <testcase classname="admin.ReportTest" name="ValidateReportPage" time="15.061"/>
  <testcase classname="admin.ReportTest" name="ValidatePageTabs" time="0.117"/>
  <testcase classname="admin.ReportTest" name="ValidateCategoryDropdownList" time="0.172"/>
  <testcase classname="admin.ReportTest" name="ValidateEmptyReportRequest" time="2.218"/>
  <testcase classname="admin.ReportTest" name="ValidateAgentDetailsReport" time="3.507"/>
  <testcase classname="admin.ReportTest" name="ValidateAgentDetailsBackButton" time="0.418"/>
  <testcase classname="admin.ReportTest" name="ValidateVerificationFailedReport" time="0.802"/>
  <testcase classname="admin.ReportTest" name="ValidateVerificationFailedBackButton" time="0.149"/>
  <testcase classname="admin.ReportTest" name="ValidateGuarantorOutstandingReport" time="0.799"/>
  <testcase classname="admin.ReportTest" name="ValidateGuarantorOutstandingBackButton" time="0.104"/>
  <testcase classname="admin.ReportTest" name="ValidateTransactionReport" time="1.612"/>
  <testcase classname="admin.ReportTest" name="ValidateTransactionReportBackButton" time="0.053"/>
  <testcase classname="admin.ReportTest" name="ValidateInfractionReport" time="1.062"/>
  <testcase classname="admin.ReportTest" name="ValidateInfractionReportBackButton" time="0.062"/>
  <testcase classname="admin.ReportTest" name="ValidateInfractionReportViewPhotos" time="2.87"/>
  <testcase classname="admin.ReportTest" name="ValidateEnforcerReport" time="0.668"/>
  <testcase classname="admin.ReportTest" name="ValidateEnforcerReportBackButton" time="0.075"/>
  <testcase classname="admin.ReportTest" name="ValidateInspectionPage" time="0.227"/>
  <testcase classname="admin.ReportTest" name="ValidateInspectionReportPage" time="8.178"/>
  <testcase classname="admin.SettingsTest" name="ValidateReportPage" time="14.504"/>
  <testcase classname="admin.SettingsTest" name="ValidateField" time="0.229"/>
  <testcase classname="admin.SettingsTest" name="ValidateBusinessNameEdit" time="0.058"/>
  <testcase classname="admin.SettingsTest" name="ValidateBusinessAddressEdit" time="6.04"/>
  <testcase classname="admin.SettingsTest" name="InvalidSupportPhoneNumberFormat" time="1.121"/>
  <testcase classname="admin.SettingsTest" name="InvalidSupportPhoneNumberFormat" time="0.133"/>
  <testcase classname="admin.SettingsTest" name="ValidateSupportPhoneNumberEdit" time="6.447"/>
  <testcase classname="admin.SettingsTest" name="InvalidSupportEmailFormat" time="0.32"/>
  <testcase classname="admin.SettingsTest" name="InvalidSupportEmailFormat" time="0.232"/>
  <testcase classname="admin.SettingsTest" name="ValidateSupportEmailEdit" time="6.887"/>
  <testcase classname="admin.SettingsTest" name="ValidatePrimaryContactNameEdit" time="6.653"/>
  <testcase classname="admin.SettingsTest" name="InvalidPrimaryContactPhoneNumberFormat" time="0.177"/>
  <testcase classname="admin.SettingsTest" name="InvalidPrimaryContactPhoneNumberFormat" time="0.085"/>
  <testcase classname="admin.SettingsTest" name="ValidatePrimaryContactPhoneNumberEdit" time="6.47"/>
  <testcase classname="admin.SettingsTest" name="ValidateBusinessWebsiteEdit" time="6.929"/>
  <testcase classname="admin.SettingsTest" name="InvalidPrimaryContactEmailFormat" time="0.073"/>
  <testcase classname="admin.SettingsTest" name="InvalidPrimaryContactEmailFormat" time="0.048"/>
  <testcase classname="admin.SettingsTest" name="ValidatePrimaryContactEmailEdit" time="6.307"/>
  <testcase classname="admin.UsersTest" name="ValidateUsersPage" time="14.277"/>
  <testcase classname="admin.UsersTest" name="ValidateUserListHeader" time="0.227"/>
  <testcase classname="admin.UsersTest" name="ValidateManageRoleButton" time="2.715"/>
  <testcase classname="admin.UsersTest" name="ValidateRoleType" time="2.547"/>
  <testcase classname="admin.UsersTest" name="ValidateDefaultRoleList" time="2.185"/>
  <testcase classname="admin.UsersTest" name="EmptyRoleNameField" time="6.774"/>
  <testcase classname="admin.UsersTest" name="EmptyRoleNameField" time="4.829"/>
  <testcase classname="admin.UsersTest" name="EmptyRoleDescriptionField" time="5.083"/>
  <testcase classname="admin.UsersTest" name="EmptyRoleDescriptionField" time="5.26"/>
  <testcase classname="admin.UsersTest" name="EmptyPermissionCheckbox" time="2.135"/>
  <testcase classname="admin.UsersTest" name="EmptyPermissionCheckbox" time="2.069"/>
  <testcase classname="admin.UsersTest" name="ValidateCustomRoleButton" time="5.973"/>
  <testcase classname="admin.UsersTest" name="ValidateCustomRoleButton" time="6.055"/>
  <testcase classname="admin.UsersTest" name="ValidateDuplicateSuperAdminResponse" time="5.985"/>
  <testcase classname="admin.UsersTest" name="ValidateDuplicateSuperAdminResponse" time="7.851"/>
  <testcase classname="admin.UsersTest" name="ValidateDuplicateCustomRoleResponse" time="6.371"/>
  <testcase classname="admin.UsersTest" name="ValidateDuplicateCustomRoleResponse" time="6.755"/>
  <testcase classname="admin.UsersTest" name="ValidateDuplicateEnforcerResponse" time="6.899"/>
  <testcase classname="admin.UsersTest" name="ValidateDuplicateEnforcerResponse" time="6.736"/>
  <testcase classname="admin.UsersTest" name="ValidateroleCardResponse" time="2.655"/>
  <testcase classname="admin.UsersTest" name="ValidateDefaultRoleEditButton" time="32.565"/>
  <testcase classname="admin.UsersTest" name="ValidateDefaultRoleDeleteButton" time="32.687"/>
  <testcase classname="admin.UsersTest" name="ValidateCustomRoleDeletebutton" time="52.917"/>
  <testcase classname="admin.UsersTest" name="ValidateDeleteButton" time="5.843"/>
  <testcase classname="admin.UsersTest" name="ValidateDeleteButton" time="6.022">
    <failure type="java.lang.AssertionError" message="The following asserts failed:
	expected [Success
Custom Role deleted successfully] but found [Custom Role deleted successfully]">
      <![CDATA[java.lang.AssertionError: The following asserts failed:
expected [Success
Custom Role deleted successfully] but found [Custom Role deleted successfully]
at admin.UsersTest.ValidateDeleteButton(UsersTest.java:372)
at java.base/java.util.ArrayList.forEach(ArrayList.java:1511)
... Removed 29 stack frames]]>
    </failure>
  </testcase> <!-- ValidateDeleteButton -->
  <testcase classname="admin.UsersTest" name="ValidateAssignedUsers" time="26.479">
    <failure type="java.lang.AssertionError" message="The following asserts failed:
	expected [Success
Custom Role deleted successfully] but found [Custom Role deleted successfully]">
      <![CDATA[java.lang.AssertionError: The following asserts failed:
expected [Success
Custom Role deleted successfully] but found [Custom Role deleted successfully]
at admin.UsersTest.ValidateAssignedUsers(UsersTest.java:404)
at java.base/java.util.ArrayList.forEach(ArrayList.java:1511)
... Removed 29 stack frames]]>
    </failure>
  </testcase> <!-- ValidateAssignedUsers -->
  <testcase classname="admin.UsersTest" name="ValidateRoleDropDownField" time="2.701"/>
  <testcase classname="admin.UsersTest" name="ValidateRoleFieldFilter" time="38.462"/>
  <testcase classname="admin.UsersTest" name="ValidateRoleFieldFilter" time="44.094"/>
  <testcase classname="admin.UsersTest" name="ValidateInviteUserButton" time="0.758"/>
  <testcase classname="admin.UsersTest" name="ValidateInvitedUserStatus" time="36.191">
    <failure type="java.lang.AssertionError" message="The following asserts failed:
	Lists differ at element [2]: Deactivate User != Re-activate User expected [Deactivate User] but found [Re-activate User]">
      <![CDATA[java.lang.AssertionError: The following asserts failed:
Lists differ at element [2]: Deactivate User != Re-activate User expected [Deactivate User] but found [Re-activate User]
at admin.UsersTest.ValidateInvitedUserStatus(UsersTest.java:542)
at java.base/java.util.ArrayList.forEach(ArrayList.java:1511)
... Removed 29 stack frames]]>
    </failure>
  </testcase> <!-- ValidateInvitedUserStatus -->
  <testcase classname="admin.UsersTest" name="ValidateActiveUserStatus" time="9.226"/>
  <testcase classname="admin.UsersTest" name="ValidateUserCard" time="44.022"/>
  <testcase classname="admin.UsersTest" name="ValidateChangeUserRole" time="5.068"/>
  <testcase classname="admin.UsersTest" name="ValidateChangeUserRole" time="10.066"/>
  <testcase classname="admin.UsersTest" name="ValidateUserSearch" time="23.334">
    <failure type="org.openqa.selenium.NoSuchElementException" message="no such element: Unable to locate element: {&amp;quot;method&amp;quot;:&amp;quot;xpath&amp;quot;,&amp;quot;selector&amp;quot;:&amp;quot;//li[@class=&amp;apos;page-item pagination-page-nav active&amp;apos;] //following-sibling::li&amp;quot;}
  (Session info: chrome=105.0.5195.102)
For documentation on this error, please visit: https://selenium.dev/exceptions/#no_such_element
Build info: version: &amp;apos;4.1.2&amp;apos;, revision: &amp;apos;9a5a329c5a&amp;apos;
System info: host: &amp;apos;YV-Jerry.local&amp;apos;, ip: &amp;apos;fe80:0:0:0:1420:dc4e:48a2:adf3%en0&amp;apos;, os.name: &amp;apos;Mac OS X&amp;apos;, os.arch: &amp;apos;x86_64&amp;apos;, os.version: &amp;apos;11.0&amp;apos;, java.version: &amp;apos;16.0.2&amp;apos;
Driver info: org.openqa.selenium.chrome.ChromeDriver
Command: [ecdf497b8ccfeadb36b128a3da4c435a, findElement {using=xpath, value=//li[@class=&amp;apos;page-item pagination-page-nav active&amp;apos;] //following-sibling::li}]
Capabilities {acceptInsecureCerts: false, browserName: chrome, browserVersion: 105.0.5195.102, chrome: {chromedriverVersion: 104.0.5112.79 (3cf3e8c8a07d..., userDataDir: /var/folders/8c/dvnzzls14cz...}, goog:chromeOptions: {debuggerAddress: localhost:59588}, javascriptEnabled: true, networkConnectionEnabled: false, pageLoadStrategy: normal, platform: MAC, platformName: MAC, proxy: Proxy(), se:cdp: ws://localhost:59588/devtoo..., se:cdpVersion: 105.0.5195.102, setWindowRect: true, strictFileInteractability: false, timeouts: {implicit: 0, pageLoad: 300000, script: 30000}, unhandledPromptBehavior: dismiss and notify, webauthn:extension:credBlob: true, webauthn:extension:largeBlob: true, webauthn:virtualAuthenticators: true}
Session ID: ecdf497b8ccfeadb36b128a3da4c435a">
      <![CDATA[org.openqa.selenium.NoSuchElementException: no such element: Unable to locate element: {"method":"xpath","selector":"//li[@class='page-item pagination-page-nav active'] //following-sibling::li"}
  (Session info: chrome=105.0.5195.102)
For documentation on this error, please visit: https://selenium.dev/exceptions/#no_such_element
Build info: version: '4.1.2', revision: '9a5a329c5a'
System info: host: 'YV-Jerry.local', ip: 'fe80:0:0:0:1420:dc4e:48a2:adf3%en0', os.name: 'Mac OS X', os.arch: 'x86_64', os.version: '11.0', java.version: '16.0.2'
Driver info: org.openqa.selenium.chrome.ChromeDriver
Command: [ecdf497b8ccfeadb36b128a3da4c435a, findElement {using=xpath, value=//li[@class='page-item pagination-page-nav active'] //following-sibling::li}]
Capabilities {acceptInsecureCerts: false, browserName: chrome, browserVersion: 105.0.5195.102, chrome: {chromedriverVersion: 104.0.5112.79 (3cf3e8c8a07d..., userDataDir: /var/folders/8c/dvnzzls14cz...}, goog:chromeOptions: {debuggerAddress: localhost:59588}, javascriptEnabled: true, networkConnectionEnabled: false, pageLoadStrategy: normal, platform: MAC, platformName: MAC, proxy: Proxy(), se:cdp: ws://localhost:59588/devtoo..., se:cdpVersion: 105.0.5195.102, setWindowRect: true, strictFileInteractability: false, timeouts: {implicit: 0, pageLoad: 300000, script: 30000}, unhandledPromptBehavior: dismiss and notify, webauthn:extension:credBlob: true, webauthn:extension:largeBlob: true, webauthn:virtualAuthenticators: true}
Session ID: ecdf497b8ccfeadb36b128a3da4c435a
at org.openqa.selenium.remote.codec.w3c.W3CHttpResponseCodec.createException(W3CHttpResponseCodec.java:200)
at org.openqa.selenium.remote.codec.w3c.W3CHttpResponseCodec.decode(W3CHttpResponseCodec.java:133)
at org.openqa.selenium.remote.codec.w3c.W3CHttpResponseCodec.decode(W3CHttpResponseCodec.java:53)
at org.openqa.selenium.remote.HttpCommandExecutor.execute(HttpCommandExecutor.java:184)
at org.openqa.selenium.remote.service.DriverCommandExecutor.invokeExecute(DriverCommandExecutor.java:167)
at org.openqa.selenium.remote.service.DriverCommandExecutor.execute(DriverCommandExecutor.java:142)
at org.openqa.selenium.remote.RemoteWebDriver.execute(RemoteWebDriver.java:558)
at org.openqa.selenium.remote.ElementLocation$ElementFinder$2.findElement(ElementLocation.java:162)
at org.openqa.selenium.remote.ElementLocation.findElement(ElementLocation.java:60)
at org.openqa.selenium.remote.RemoteWebDriver.findElement(RemoteWebDriver.java:382)
at org.openqa.selenium.remote.RemoteWebDriver.findElement(RemoteWebDriver.java:374)
at pageObject.admin.Users.getNextPagination(Users.java:166)
at admin.UsersTest.ValidateUserSearch(UsersTest.java:691)
at java.base/java.util.ArrayList.forEach(ArrayList.java:1511)
... Removed 32 stack frames]]>
    </failure>
  </testcase> <!-- ValidateUserSearch -->
  <testcase classname="admin.UsersTest" name="ValidateUserSearch" time="15.961">
    <failure type="java.lang.AssertionError" message="expected [0] but found [4]">
      <![CDATA[java.lang.AssertionError: expected [0] but found [4]
at admin.UsersTest.ValidateUserSearch(UsersTest.java:694)
at java.base/java.util.ArrayList.forEach(ArrayList.java:1511)
... Removed 33 stack frames]]>
    </failure>
  </testcase> <!-- ValidateUserSearch -->
  <testcase classname="admin.UsersTest" name="InviteUserEmptyEmailField" time="2.114"/>
  <testcase classname="admin.UsersTest" name="InviteUserEmptyEmailField" time="1.812"/>
  <testcase classname="admin.UsersTest" name="InviteUserEmptyRoleField" time="1.99"/>
  <testcase classname="admin.UsersTest" name="InviteUserEmptyRoleField" time="1.819"/>
  <testcase classname="admin.UsersTest" name="SuccessfulUserInvite" time="4.946"/>
  <testcase classname="admin.UsersTest" name="SuccessfulUserInvite" time="4.237"/>
  <testcase classname="admin.UsersTest" name="ValidateDeactivateUser" time="21.906">
    <failure type="org.openqa.selenium.ElementClickInterceptedException" message="element click intercepted: Element &amp;lt;button href=&amp;quot;javascript:void(0)&amp;quot; class=&amp;quot;mr-1 btn btn-outline-danger btn-xs&amp;quot;&amp;gt;...&amp;lt;/button&amp;gt; is not clickable at point (1118, 12). Other element would receive the click: &amp;lt;div class=&amp;quot;navbar-collapse header-shadow&amp;quot; style=&amp;quot;display: flex; align-items: center;&amp;quot;&amp;gt;...&amp;lt;/div&amp;gt;
  (Session info: chrome=105.0.5195.102)
Build info: version: &amp;apos;4.1.2&amp;apos;, revision: &amp;apos;9a5a329c5a&amp;apos;
System info: host: &amp;apos;YV-Jerry.local&amp;apos;, ip: &amp;apos;fe80:0:0:0:1420:dc4e:48a2:adf3%en0&amp;apos;, os.name: &amp;apos;Mac OS X&amp;apos;, os.arch: &amp;apos;x86_64&amp;apos;, os.version: &amp;apos;11.0&amp;apos;, java.version: &amp;apos;16.0.2&amp;apos;
Driver info: org.openqa.selenium.chrome.ChromeDriver
Command: [ecdf497b8ccfeadb36b128a3da4c435a, clickElement {id=e1612369-64a5-4dc7-9415-b8c24bc6918a}]
Capabilities {acceptInsecureCerts: false, browserName: chrome, browserVersion: 105.0.5195.102, chrome: {chromedriverVersion: 104.0.5112.79 (3cf3e8c8a07d..., userDataDir: /var/folders/8c/dvnzzls14cz...}, goog:chromeOptions: {debuggerAddress: localhost:59588}, javascriptEnabled: true, networkConnectionEnabled: false, pageLoadStrategy: normal, platform: MAC, platformName: MAC, proxy: Proxy(), se:cdp: ws://localhost:59588/devtoo..., se:cdpVersion: 105.0.5195.102, setWindowRect: true, strictFileInteractability: false, timeouts: {implicit: 0, pageLoad: 300000, script: 30000}, unhandledPromptBehavior: dismiss and notify, webauthn:extension:credBlob: true, webauthn:extension:largeBlob: true, webauthn:virtualAuthenticators: true}
Element: [[ChromeDriver: chrome on MAC (ecdf497b8ccfeadb36b128a3da4c435a)] -&amp;gt; css selector: div[class*=&amp;apos;col-xs-12 m-b-10&amp;apos;] button]
Session ID: ecdf497b8ccfeadb36b128a3da4c435a">
      <![CDATA[org.openqa.selenium.ElementClickInterceptedException: element click intercepted: Element <button href="javascript:void(0)" class="mr-1 btn btn-outline-danger btn-xs">...</button> is not clickable at point (1118, 12). Other element would receive the click: <div class="navbar-collapse header-shadow" style="display: flex; align-items: center;">...</div>
  (Session info: chrome=105.0.5195.102)
Build info: version: '4.1.2', revision: '9a5a329c5a'
System info: host: 'YV-Jerry.local', ip: 'fe80:0:0:0:1420:dc4e:48a2:adf3%en0', os.name: 'Mac OS X', os.arch: 'x86_64', os.version: '11.0', java.version: '16.0.2'
Driver info: org.openqa.selenium.chrome.ChromeDriver
Command: [ecdf497b8ccfeadb36b128a3da4c435a, clickElement {id=e1612369-64a5-4dc7-9415-b8c24bc6918a}]
Capabilities {acceptInsecureCerts: false, browserName: chrome, browserVersion: 105.0.5195.102, chrome: {chromedriverVersion: 104.0.5112.79 (3cf3e8c8a07d..., userDataDir: /var/folders/8c/dvnzzls14cz...}, goog:chromeOptions: {debuggerAddress: localhost:59588}, javascriptEnabled: true, networkConnectionEnabled: false, pageLoadStrategy: normal, platform: MAC, platformName: MAC, proxy: Proxy(), se:cdp: ws://localhost:59588/devtoo..., se:cdpVersion: 105.0.5195.102, setWindowRect: true, strictFileInteractability: false, timeouts: {implicit: 0, pageLoad: 300000, script: 30000}, unhandledPromptBehavior: dismiss and notify, webauthn:extension:credBlob: true, webauthn:extension:largeBlob: true, webauthn:virtualAuthenticators: true}
Element: [[ChromeDriver: chrome on MAC (ecdf497b8ccfeadb36b128a3da4c435a)] -> css selector: div[class*='col-xs-12 m-b-10'] button]
Session ID: ecdf497b8ccfeadb36b128a3da4c435a
at org.openqa.selenium.remote.codec.w3c.W3CHttpResponseCodec.createException(W3CHttpResponseCodec.java:200)
at org.openqa.selenium.remote.codec.w3c.W3CHttpResponseCodec.decode(W3CHttpResponseCodec.java:133)
at org.openqa.selenium.remote.codec.w3c.W3CHttpResponseCodec.decode(W3CHttpResponseCodec.java:53)
at org.openqa.selenium.remote.HttpCommandExecutor.execute(HttpCommandExecutor.java:184)
at org.openqa.selenium.remote.service.DriverCommandExecutor.invokeExecute(DriverCommandExecutor.java:167)
at org.openqa.selenium.remote.service.DriverCommandExecutor.execute(DriverCommandExecutor.java:142)
at org.openqa.selenium.remote.RemoteWebDriver.execute(RemoteWebDriver.java:558)
at org.openqa.selenium.remote.RemoteWebElement.execute(RemoteWebElement.java:251)
at org.openqa.selenium.remote.RemoteWebElement.click(RemoteWebElement.java:77)
at admin.UsersTest.ValidateDeactivateUser(UsersTest.java:774)
at java.base/java.util.ArrayList.forEach(ArrayList.java:1511)
... Removed 32 stack frames]]>
    </failure>
  </testcase> <!-- ValidateDeactivateUser -->
  <testcase classname="admin.UsersTest" name="ValidateReactivateUser" time="0.001">
    <skipped/>
  </testcase> <!-- ValidateReactivateUser -->
  <testcase classname="admin.PermitTest" name="ValidateAddPermitButton" time="0.0">
    <ignored/>
  </testcase> <!-- ValidateAddPermitButton -->
</testsuite> <!-- Testing Admin Portal -->
